CRITICAL - 2023-12-10 16:18:43 --> Undefined array key ""
in APPPATH\Views\pagers\bootstrap_pagination.php on line 18.
 1 APPPATH\Views\pagers\bootstrap_pagination.php(18): CodeIgniter\Debug\Exceptions->errorHandler(2, 'Undefined array key ""', 'C:\\xampp\\htdocs\\semester_3\\Project_UAS\\app\\Views\\pagers\\bootstrap_pagination.php', 18)
 2 SYSTEMPATH\View\View.php(226): include('C:\\xampp\\htdocs\\semester_3\\Project_UAS\\app\\Views\\pagers\\bootstrap_pagination.php')
 3 SYSTEMPATH\View\View.php(229): CodeIgniter\View\View->CodeIgniter\View\{closure}()
 4 SYSTEMPATH\Pager\Pager.php(126): CodeIgniter\View\View->render('App\\Views\\pagers\\bootstrap_pagination')
 5 SYSTEMPATH\Pager\Pager.php(83): CodeIgniter\Pager\Pager->displayLinks('karyawan', 'bootstrap_pagination')
 6 APPPATH\Views\view\karyawan.php(61): CodeIgniter\Pager\Pager->links('karyawan', 'bootstrap_pagination')
 7 SYSTEMPATH\View\View.php(226): include('C:\\xampp\\htdocs\\semester_3\\Project_UAS\\app\\Views\\view\\karyawan.php')
 8 SYSTEMPATH\View\View.php(229): CodeIgniter\View\View->CodeIgniter\View\{closure}()
 9 SYSTEMPATH\Common.php(1188): CodeIgniter\View\View->render('view/karyawan', [], true)
10 APPPATH\Controllers\Karyawan.php(22): view('view/karyawan', [...])
11 SYSTEMPATH\CodeIgniter.php(919): App\Controllers\Karyawan->index()
12 SYSTEMPATH\CodeIgniter.php(494): CodeIgniter\CodeIgniter->runController(Object(App\Controllers\Karyawan))
13 SYSTEMPATH\CodeIgniter.php(353): CodeIgniter\CodeIgniter->handleRequest(null, Object(Config\Cache), false)
14 FCPATH\index.php(79): CodeIgniter\CodeIgniter->run()
15 SYSTEMPATH\Commands\Server\rewrite.php(47): require_once('C:\\xampp\\htdocs\\semester_3\\Project_UAS\\public\\index.php')
CRITICAL - 2023-12-10 16:36:44 --> Undefined variable $pager
in APPPATH\Views\view\karyawan.php on line 61.
 1 APPPATH\Views\view\karyawan.php(61): CodeIgniter\Debug\Exceptions->errorHandler(2, 'Undefined variable $pager', 'C:\\xampp\\htdocs\\semester_3\\Project_UAS\\app\\Views\\view\\karyawan.php', 61)
 2 SYSTEMPATH\View\View.php(226): include('C:\\xampp\\htdocs\\semester_3\\Project_UAS\\app\\Views\\view\\karyawan.php')
 3 SYSTEMPATH\View\View.php(229): CodeIgniter\View\View->CodeIgniter\View\{closure}()
 4 SYSTEMPATH\Common.php(1188): CodeIgniter\View\View->render('view/karyawan', [], true)
 5 APPPATH\Controllers\Karyawan.php(22): view('view/karyawan', [...])
 6 SYSTEMPATH\CodeIgniter.php(919): App\Controllers\Karyawan->index()
 7 SYSTEMPATH\CodeIgniter.php(494): CodeIgniter\CodeIgniter->runController(Object(App\Controllers\Karyawan))
 8 SYSTEMPATH\CodeIgniter.php(353): CodeIgniter\CodeIgniter->handleRequest(null, Object(Config\Cache), false)
 9 FCPATH\index.php(79): CodeIgniter\CodeIgniter->run()
10 SYSTEMPATH\Commands\Server\rewrite.php(47): require_once('C:\\xampp\\htdocs\\semester_3\\Project_UAS\\public\\index.php')
CRITICAL - 2023-12-10 16:36:46 --> Undefined variable $pager
in APPPATH\Views\view\karyawan.php on line 61.
 1 APPPATH\Views\view\karyawan.php(61): CodeIgniter\Debug\Exceptions->errorHandler(2, 'Undefined variable $pager', 'C:\\xampp\\htdocs\\semester_3\\Project_UAS\\app\\Views\\view\\karyawan.php', 61)
 2 SYSTEMPATH\View\View.php(226): include('C:\\xampp\\htdocs\\semester_3\\Project_UAS\\app\\Views\\view\\karyawan.php')
 3 SYSTEMPATH\View\View.php(229): CodeIgniter\View\View->CodeIgniter\View\{closure}()
 4 SYSTEMPATH\Common.php(1188): CodeIgniter\View\View->render('view/karyawan', [], true)
 5 APPPATH\Controllers\Karyawan.php(22): view('view/karyawan', [...])
 6 SYSTEMPATH\CodeIgniter.php(919): App\Controllers\Karyawan->index()
 7 SYSTEMPATH\CodeIgniter.php(494): CodeIgniter\CodeIgniter->runController(Object(App\Controllers\Karyawan))
 8 SYSTEMPATH\CodeIgniter.php(353): CodeIgniter\CodeIgniter->handleRequest(null, Object(Config\Cache), false)
 9 FCPATH\index.php(79): CodeIgniter\CodeIgniter->run()
10 SYSTEMPATH\Commands\Server\rewrite.php(47): require_once('C:\\xampp\\htdocs\\semester_3\\Project_UAS\\public\\index.php')
CRITICAL - 2023-12-10 17:55:04 --> Undefined variable $data
in APPPATH\Views\layout\layout_page.php on line 12.
 1 APPPATH\Views\layout\layout_page.php(12): CodeIgniter\Debug\Exceptions->errorHandler(2, 'Undefined variable $data', 'C:\\xampp\\htdocs\\semester_3\\Project_UAS\\app\\Views\\layout\\layout_page.php', 12)
 2 SYSTEMPATH\View\View.php(226): include('C:\\xampp\\htdocs\\semester_3\\Project_UAS\\app\\Views\\layout\\layout_page.php')
 3 SYSTEMPATH\View\View.php(229): CodeIgniter\View\View->CodeIgniter\View\{closure}()
 4 SYSTEMPATH\View\View.php(242): CodeIgniter\View\View->render('layout/layout_page', [], true)
 5 SYSTEMPATH\Common.php(1188): CodeIgniter\View\View->render('view/crud_karyawan/tambah_karyawan', [], true)
 6 APPPATH\Controllers\Karyawan.php(25): view('view/crud_karyawan/tambah_karyawan')
 7 SYSTEMPATH\CodeIgniter.php(919): App\Controllers\Karyawan->tambah()
 8 SYSTEMPATH\CodeIgniter.php(494): CodeIgniter\CodeIgniter->runController(Object(App\Controllers\Karyawan))
 9 SYSTEMPATH\CodeIgniter.php(353): CodeIgniter\CodeIgniter->handleRequest(null, Object(Config\Cache), false)
10 FCPATH\index.php(79): CodeIgniter\CodeIgniter->run()
11 SYSTEMPATH\Commands\Server\rewrite.php(47): require_once('C:\\xampp\\htdocs\\semester_3\\Project_UAS\\public\\index.php')
CRITICAL - 2023-12-10 17:56:15 --> Undefined variable $data
in APPPATH\Views\layout\layout_page.php on line 12.
 1 APPPATH\Views\layout\layout_page.php(12): CodeIgniter\Debug\Exceptions->errorHandler(2, 'Undefined variable $data', 'C:\\xampp\\htdocs\\semester_3\\Project_UAS\\app\\Views\\layout\\layout_page.php', 12)
 2 SYSTEMPATH\View\View.php(226): include('C:\\xampp\\htdocs\\semester_3\\Project_UAS\\app\\Views\\layout\\layout_page.php')
 3 SYSTEMPATH\View\View.php(229): CodeIgniter\View\View->CodeIgniter\View\{closure}()
 4 SYSTEMPATH\View\View.php(242): CodeIgniter\View\View->render('layout/layout_page', [], true)
 5 SYSTEMPATH\Common.php(1188): CodeIgniter\View\View->render('view/crud_karyawan/tambah_karyawan', [], true)
 6 APPPATH\Controllers\Karyawan.php(30): view('view/crud_karyawan/tambah_karyawan')
 7 SYSTEMPATH\CodeIgniter.php(919): App\Controllers\Karyawan->tambah()
 8 SYSTEMPATH\CodeIgniter.php(494): CodeIgniter\CodeIgniter->runController(Object(App\Controllers\Karyawan))
 9 SYSTEMPATH\CodeIgniter.php(353): CodeIgniter\CodeIgniter->handleRequest(null, Object(Config\Cache), false)
10 FCPATH\index.php(79): CodeIgniter\CodeIgniter->run()
11 SYSTEMPATH\Commands\Server\rewrite.php(47): require_once('C:\\xampp\\htdocs\\semester_3\\Project_UAS\\public\\index.php')
CRITICAL - 2023-12-10 17:56:16 --> Undefined variable $data
in APPPATH\Views\layout\layout_page.php on line 12.
 1 APPPATH\Views\layout\layout_page.php(12): CodeIgniter\Debug\Exceptions->errorHandler(2, 'Undefined variable $data', 'C:\\xampp\\htdocs\\semester_3\\Project_UAS\\app\\Views\\layout\\layout_page.php', 12)
 2 SYSTEMPATH\View\View.php(226): include('C:\\xampp\\htdocs\\semester_3\\Project_UAS\\app\\Views\\layout\\layout_page.php')
 3 SYSTEMPATH\View\View.php(229): CodeIgniter\View\View->CodeIgniter\View\{closure}()
 4 SYSTEMPATH\View\View.php(242): CodeIgniter\View\View->render('layout/layout_page', [], true)
 5 SYSTEMPATH\Common.php(1188): CodeIgniter\View\View->render('view/crud_karyawan/tambah_karyawan', [], true)
 6 APPPATH\Controllers\Karyawan.php(30): view('view/crud_karyawan/tambah_karyawan')
 7 SYSTEMPATH\CodeIgniter.php(919): App\Controllers\Karyawan->tambah()
 8 SYSTEMPATH\CodeIgniter.php(494): CodeIgniter\CodeIgniter->runController(Object(App\Controllers\Karyawan))
 9 SYSTEMPATH\CodeIgniter.php(353): CodeIgniter\CodeIgniter->handleRequest(null, Object(Config\Cache), false)
10 FCPATH\index.php(79): CodeIgniter\CodeIgniter->run()
11 SYSTEMPATH\Commands\Server\rewrite.php(47): require_once('C:\\xampp\\htdocs\\semester_3\\Project_UAS\\public\\index.php')
CRITICAL - 2023-12-10 17:56:18 --> Undefined variable $data
in APPPATH\Views\layout\layout_page.php on line 12.
 1 APPPATH\Views\layout\layout_page.php(12): CodeIgniter\Debug\Exceptions->errorHandler(2, 'Undefined variable $data', 'C:\\xampp\\htdocs\\semester_3\\Project_UAS\\app\\Views\\layout\\layout_page.php', 12)
 2 SYSTEMPATH\View\View.php(226): include('C:\\xampp\\htdocs\\semester_3\\Project_UAS\\app\\Views\\layout\\layout_page.php')
 3 SYSTEMPATH\View\View.php(229): CodeIgniter\View\View->CodeIgniter\View\{closure}()
 4 SYSTEMPATH\View\View.php(242): CodeIgniter\View\View->render('layout/layout_page', [], true)
 5 SYSTEMPATH\Common.php(1188): CodeIgniter\View\View->render('view/crud_karyawan/tambah_karyawan', [], true)
 6 APPPATH\Controllers\Karyawan.php(30): view('view/crud_karyawan/tambah_karyawan')
 7 SYSTEMPATH\CodeIgniter.php(919): App\Controllers\Karyawan->tambah()
 8 SYSTEMPATH\CodeIgniter.php(494): CodeIgniter\CodeIgniter->runController(Object(App\Controllers\Karyawan))
 9 SYSTEMPATH\CodeIgniter.php(353): CodeIgniter\CodeIgniter->handleRequest(null, Object(Config\Cache), false)
10 FCPATH\index.php(79): CodeIgniter\CodeIgniter->run()
11 SYSTEMPATH\Commands\Server\rewrite.php(47): require_once('C:\\xampp\\htdocs\\semester_3\\Project_UAS\\public\\index.php')
CRITICAL - 2023-12-10 17:57:55 --> Invalid file: "../layout/layout_page.php"
in SYSTEMPATH\Exceptions\FrameworkException.php on line 39.
 1 SYSTEMPATH\View\View.php(214): CodeIgniter\Exceptions\FrameworkException::forInvalidFile('../layout/layout_page.php')
 2 SYSTEMPATH\View\View.php(242): CodeIgniter\View\View->render('../layout/layout_page', [], true)
 3 SYSTEMPATH\Common.php(1188): CodeIgniter\View\View->render('view/crud_karyawan/tambah_karyawan', [], true)
 4 APPPATH\Controllers\Karyawan.php(30): view('view/crud_karyawan/tambah_karyawan', [...])
 5 SYSTEMPATH\CodeIgniter.php(919): App\Controllers\Karyawan->tambah()
 6 SYSTEMPATH\CodeIgniter.php(494): CodeIgniter\CodeIgniter->runController(Object(App\Controllers\Karyawan))
 7 SYSTEMPATH\CodeIgniter.php(353): CodeIgniter\CodeIgniter->handleRequest(null, Object(Config\Cache), false)
 8 FCPATH\index.php(79): CodeIgniter\CodeIgniter->run()
 9 SYSTEMPATH\Commands\Server\rewrite.php(47): require_once('C:\\xampp\\htdocs\\semester_3\\Project_UAS\\public\\index.php')
CRITICAL - 2023-12-10 18:13:47 --> Undefined array key "menu"
in APPPATH\Views\layout\layout_page.php on line 151.
 1 APPPATH\Views\layout\layout_page.php(151): CodeIgniter\Debug\Exceptions->errorHandler(2, 'Undefined array key "menu"', 'C:\\xampp\\htdocs\\semester_3\\Project_UAS\\app\\Views\\layout\\layout_page.php', 151)
 2 SYSTEMPATH\View\View.php(226): include('C:\\xampp\\htdocs\\semester_3\\Project_UAS\\app\\Views\\layout\\layout_page.php')
 3 SYSTEMPATH\View\View.php(229): CodeIgniter\View\View->CodeIgniter\View\{closure}()
 4 SYSTEMPATH\View\View.php(242): CodeIgniter\View\View->render('layout/layout_page', [], true)
 5 SYSTEMPATH\Common.php(1188): CodeIgniter\View\View->render('view/crud_karyawan/tambah_karyawan', [], true)
 6 APPPATH\Controllers\Karyawan.php(30): view('view/crud_karyawan/tambah_karyawan', [...])
 7 SYSTEMPATH\CodeIgniter.php(919): App\Controllers\Karyawan->tambah()
 8 SYSTEMPATH\CodeIgniter.php(494): CodeIgniter\CodeIgniter->runController(Object(App\Controllers\Karyawan))
 9 SYSTEMPATH\CodeIgniter.php(353): CodeIgniter\CodeIgniter->handleRequest(null, Object(Config\Cache), false)
10 FCPATH\index.php(79): CodeIgniter\CodeIgniter->run()
11 SYSTEMPATH\Commands\Server\rewrite.php(47): require_once('C:\\xampp\\htdocs\\semester_3\\Project_UAS\\public\\index.php')
