INFO - 2023-12-23 09:31:36 --> Session: Class initialized using 'CodeIgniter\Session\Handlers\FileHandler' driver.
INFO - 2023-12-23 09:31:40 --> Session: Class initialized using 'CodeIgniter\Session\Handlers\FileHandler' driver.
INFO - 2023-12-23 09:31:41 --> Session: Class initialized using 'CodeIgniter\Session\Handlers\FileHandler' driver.
INFO - 2023-12-23 09:31:47 --> Session: Class initialized using 'CodeIgniter\Session\Handlers\FileHandler' driver.
INFO - 2023-12-23 09:31:52 --> Session: Class initialized using 'CodeIgniter\Session\Handlers\FileHandler' driver.
INFO - 2023-12-23 09:32:02 --> Session: Class initialized using 'CodeIgniter\Session\Handlers\FileHandler' driver.
INFO - 2023-12-23 09:32:03 --> Session: Class initialized using 'CodeIgniter\Session\Handlers\FileHandler' driver.
INFO - 2023-12-23 09:32:09 --> Session: Class initialized using 'CodeIgniter\Session\Handlers\FileHandler' driver.
INFO - 2023-12-23 09:32:09 --> Session: Class initialized using 'CodeIgniter\Session\Handlers\FileHandler' driver.
CRITICAL - 2023-12-23 09:32:09 --> Array to string conversion
in APPPATH\Views\layout\notifikasi.php on line 16.
 1 APPPATH\Views\layout\notifikasi.php(16): CodeIgniter\Debug\Exceptions->errorHandler(2, 'Array to string conversion', 'C:\\xampp\\htdocs\\semester_3\\Project_UAS\\app\\Views\\layout\\notifikasi.php', 16)
 2 SYSTEMPATH\View\View.php(226): include('C:\\xampp\\htdocs\\semester_3\\Project_UAS\\app\\Views\\layout\\notifikasi.php')
 3 SYSTEMPATH\View\View.php(229): CodeIgniter\View\View->CodeIgniter\View\{closure}()
 4 SYSTEMPATH\Common.php(1188): CodeIgniter\View\View->render('App\\Views\\layout\\notifikasi', [], true)
 5 APPPATH\Views\view\login.php(23): view('App\\Views\\layout\\notifikasi')
 6 SYSTEMPATH\View\View.php(226): include('C:\\xampp\\htdocs\\semester_3\\Project_UAS\\app\\Views\\view\\login.php')
 7 SYSTEMPATH\View\View.php(229): CodeIgniter\View\View->CodeIgniter\View\{closure}()
 8 SYSTEMPATH\Common.php(1188): CodeIgniter\View\View->render('view/login', [], true)
 9 APPPATH\Controllers\Login.php(68): view('view/login')
10 SYSTEMPATH\CodeIgniter.php(919): App\Controllers\Login->index()
11 SYSTEMPATH\CodeIgniter.php(494): CodeIgniter\CodeIgniter->runController(Object(App\Controllers\Login))
12 SYSTEMPATH\CodeIgniter.php(353): CodeIgniter\CodeIgniter->handleRequest(null, Object(Config\Cache), false)
13 FCPATH\index.php(79): CodeIgniter\CodeIgniter->run()
INFO - 2023-12-23 09:32:13 --> Session: Class initialized using 'CodeIgniter\Session\Handlers\FileHandler' driver.
INFO - 2023-12-23 09:32:19 --> Session: Class initialized using 'CodeIgniter\Session\Handlers\FileHandler' driver.
INFO - 2023-12-23 09:32:19 --> Session: Class initialized using 'CodeIgniter\Session\Handlers\FileHandler' driver.
CRITICAL - 2023-12-23 09:32:19 --> Array to string conversion
in APPPATH\Views\layout\notifikasi.php on line 16.
 1 APPPATH\Views\layout\notifikasi.php(16): CodeIgniter\Debug\Exceptions->errorHandler(2, 'Array to string conversion', 'C:\\xampp\\htdocs\\semester_3\\Project_UAS\\app\\Views\\layout\\notifikasi.php', 16)
 2 SYSTEMPATH\View\View.php(226): include('C:\\xampp\\htdocs\\semester_3\\Project_UAS\\app\\Views\\layout\\notifikasi.php')
 3 SYSTEMPATH\View\View.php(229): CodeIgniter\View\View->CodeIgniter\View\{closure}()
 4 SYSTEMPATH\Common.php(1188): CodeIgniter\View\View->render('App\\Views\\layout\\notifikasi', [], true)
 5 APPPATH\Views\view\login.php(23): view('App\\Views\\layout\\notifikasi')
 6 SYSTEMPATH\View\View.php(226): include('C:\\xampp\\htdocs\\semester_3\\Project_UAS\\app\\Views\\view\\login.php')
 7 SYSTEMPATH\View\View.php(229): CodeIgniter\View\View->CodeIgniter\View\{closure}()
 8 SYSTEMPATH\Common.php(1188): CodeIgniter\View\View->render('view/login', [], true)
 9 APPPATH\Controllers\Login.php(68): view('view/login')
10 SYSTEMPATH\CodeIgniter.php(919): App\Controllers\Login->index()
11 SYSTEMPATH\CodeIgniter.php(494): CodeIgniter\CodeIgniter->runController(Object(App\Controllers\Login))
12 SYSTEMPATH\CodeIgniter.php(353): CodeIgniter\CodeIgniter->handleRequest(null, Object(Config\Cache), false)
13 FCPATH\index.php(79): CodeIgniter\CodeIgniter->run()
INFO - 2023-12-23 09:32:20 --> Session: Class initialized using 'CodeIgniter\Session\Handlers\FileHandler' driver.
INFO - 2023-12-23 09:32:24 --> Session: Class initialized using 'CodeIgniter\Session\Handlers\FileHandler' driver.
INFO - 2023-12-23 09:33:04 --> Session: Class initialized using 'CodeIgniter\Session\Handlers\FileHandler' driver.
INFO - 2023-12-23 09:33:13 --> Session: Class initialized using 'CodeIgniter\Session\Handlers\FileHandler' driver.
INFO - 2023-12-23 09:33:18 --> Session: Class initialized using 'CodeIgniter\Session\Handlers\FileHandler' driver.
INFO - 2023-12-23 09:33:32 --> Session: Class initialized using 'CodeIgniter\Session\Handlers\FileHandler' driver.
INFO - 2023-12-23 09:33:32 --> Session: Class initialized using 'CodeIgniter\Session\Handlers\FileHandler' driver.
INFO - 2023-12-23 09:33:43 --> Session: Class initialized using 'CodeIgniter\Session\Handlers\FileHandler' driver.
INFO - 2023-12-23 09:33:43 --> Session: Class initialized using 'CodeIgniter\Session\Handlers\FileHandler' driver.
CRITICAL - 2023-12-23 09:33:43 --> Trying to access array offset on value of type null
in APPPATH\Views\view\crud_karyawan\edit_karyawan.php on line 18.
 1 APPPATH\Views\view\crud_karyawan\edit_karyawan.php(18): CodeIgniter\Debug\Exceptions->errorHandler(2, 'Trying to access array offset on value of type null', 'C:\\xampp\\htdocs\\semester_3\\Project_UAS\\app\\Views\\view\\crud_karyawan\\edit_karyawan.php', 18)
 2 SYSTEMPATH\View\View.php(226): include('C:\\xampp\\htdocs\\semester_3\\Project_UAS\\app\\Views\\view\\crud_karyawan\\edit_karyawan.php')
 3 SYSTEMPATH\View\View.php(229): CodeIgniter\View\View->CodeIgniter\View\{closure}()
 4 SYSTEMPATH\Common.php(1188): CodeIgniter\View\View->render('view/crud_karyawan/edit_karyawan', [], true)
 5 APPPATH\Controllers\Karyawan.php(67): view('view/crud_karyawan/edit_karyawan', [...])
 6 SYSTEMPATH\CodeIgniter.php(919): App\Controllers\Karyawan->edit('48')
 7 SYSTEMPATH\CodeIgniter.php(494): CodeIgniter\CodeIgniter->runController(Object(App\Controllers\Karyawan))
 8 SYSTEMPATH\CodeIgniter.php(353): CodeIgniter\CodeIgniter->handleRequest(null, Object(Config\Cache), false)
 9 FCPATH\index.php(79): CodeIgniter\CodeIgniter->run()
INFO - 2023-12-23 09:34:26 --> Session: Class initialized using 'CodeIgniter\Session\Handlers\FileHandler' driver.
INFO - 2023-12-23 09:34:27 --> Session: Class initialized using 'CodeIgniter\Session\Handlers\FileHandler' driver.
CRITICAL - 2023-12-23 09:34:27 --> Trying to access array offset on value of type null
in APPPATH\Views\view\crud_karyawan\edit_karyawan.php on line 18.
 1 APPPATH\Views\view\crud_karyawan\edit_karyawan.php(18): CodeIgniter\Debug\Exceptions->errorHandler(2, 'Trying to access array offset on value of type null', 'C:\\xampp\\htdocs\\semester_3\\Project_UAS\\app\\Views\\view\\crud_karyawan\\edit_karyawan.php', 18)
 2 SYSTEMPATH\View\View.php(226): include('C:\\xampp\\htdocs\\semester_3\\Project_UAS\\app\\Views\\view\\crud_karyawan\\edit_karyawan.php')
 3 SYSTEMPATH\View\View.php(229): CodeIgniter\View\View->CodeIgniter\View\{closure}()
 4 SYSTEMPATH\Common.php(1188): CodeIgniter\View\View->render('view/crud_karyawan/edit_karyawan', [], true)
 5 APPPATH\Controllers\Karyawan.php(67): view('view/crud_karyawan/edit_karyawan', [...])
 6 SYSTEMPATH\CodeIgniter.php(919): App\Controllers\Karyawan->edit('48')
 7 SYSTEMPATH\CodeIgniter.php(494): CodeIgniter\CodeIgniter->runController(Object(App\Controllers\Karyawan))
 8 SYSTEMPATH\CodeIgniter.php(353): CodeIgniter\CodeIgniter->handleRequest(null, Object(Config\Cache), false)
 9 FCPATH\index.php(79): CodeIgniter\CodeIgniter->run()
INFO - 2023-12-23 09:34:35 --> Session: Class initialized using 'CodeIgniter\Session\Handlers\FileHandler' driver.
INFO - 2023-12-23 09:34:36 --> Session: Class initialized using 'CodeIgniter\Session\Handlers\FileHandler' driver.
CRITICAL - 2023-12-23 09:34:36 --> Trying to access array offset on value of type null
in APPPATH\Views\view\crud_karyawan\edit_karyawan.php on line 18.
 1 APPPATH\Views\view\crud_karyawan\edit_karyawan.php(18): CodeIgniter\Debug\Exceptions->errorHandler(2, 'Trying to access array offset on value of type null', 'C:\\xampp\\htdocs\\semester_3\\Project_UAS\\app\\Views\\view\\crud_karyawan\\edit_karyawan.php', 18)
 2 SYSTEMPATH\View\View.php(226): include('C:\\xampp\\htdocs\\semester_3\\Project_UAS\\app\\Views\\view\\crud_karyawan\\edit_karyawan.php')
 3 SYSTEMPATH\View\View.php(229): CodeIgniter\View\View->CodeIgniter\View\{closure}()
 4 SYSTEMPATH\Common.php(1188): CodeIgniter\View\View->render('view/crud_karyawan/edit_karyawan', [], true)
 5 APPPATH\Controllers\Karyawan.php(67): view('view/crud_karyawan/edit_karyawan', [...])
 6 SYSTEMPATH\CodeIgniter.php(919): App\Controllers\Karyawan->edit('48')
 7 SYSTEMPATH\CodeIgniter.php(494): CodeIgniter\CodeIgniter->runController(Object(App\Controllers\Karyawan))
 8 SYSTEMPATH\CodeIgniter.php(353): CodeIgniter\CodeIgniter->handleRequest(null, Object(Config\Cache), false)
 9 FCPATH\index.php(79): CodeIgniter\CodeIgniter->run()
INFO - 2023-12-23 09:34:39 --> Session: Class initialized using 'CodeIgniter\Session\Handlers\FileHandler' driver.
CRITICAL - 2023-12-23 09:34:39 --> Trying to access array offset on value of type null
in APPPATH\Views\view\crud_karyawan\edit_karyawan.php on line 18.
 1 APPPATH\Views\view\crud_karyawan\edit_karyawan.php(18): CodeIgniter\Debug\Exceptions->errorHandler(2, 'Trying to access array offset on value of type null', 'C:\\xampp\\htdocs\\semester_3\\Project_UAS\\app\\Views\\view\\crud_karyawan\\edit_karyawan.php', 18)
 2 SYSTEMPATH\View\View.php(226): include('C:\\xampp\\htdocs\\semester_3\\Project_UAS\\app\\Views\\view\\crud_karyawan\\edit_karyawan.php')
 3 SYSTEMPATH\View\View.php(229): CodeIgniter\View\View->CodeIgniter\View\{closure}()
 4 SYSTEMPATH\Common.php(1188): CodeIgniter\View\View->render('view/crud_karyawan/edit_karyawan', [], true)
 5 APPPATH\Controllers\Karyawan.php(67): view('view/crud_karyawan/edit_karyawan', [...])
 6 SYSTEMPATH\CodeIgniter.php(919): App\Controllers\Karyawan->edit('48')
 7 SYSTEMPATH\CodeIgniter.php(494): CodeIgniter\CodeIgniter->runController(Object(App\Controllers\Karyawan))
 8 SYSTEMPATH\CodeIgniter.php(353): CodeIgniter\CodeIgniter->handleRequest(null, Object(Config\Cache), false)
 9 FCPATH\index.php(79): CodeIgniter\CodeIgniter->run()
INFO - 2023-12-23 09:34:46 --> Session: Class initialized using 'CodeIgniter\Session\Handlers\FileHandler' driver.
INFO - 2023-12-23 09:34:52 --> Session: Class initialized using 'CodeIgniter\Session\Handlers\FileHandler' driver.
INFO - 2023-12-23 09:34:52 --> Session: Class initialized using 'CodeIgniter\Session\Handlers\FileHandler' driver.
INFO - 2023-12-23 09:34:58 --> Session: Class initialized using 'CodeIgniter\Session\Handlers\FileHandler' driver.
INFO - 2023-12-23 09:34:58 --> Session: Class initialized using 'CodeIgniter\Session\Handlers\FileHandler' driver.
INFO - 2023-12-23 09:35:16 --> Session: Class initialized using 'CodeIgniter\Session\Handlers\FileHandler' driver.
INFO - 2023-12-23 09:35:16 --> Session: Class initialized using 'CodeIgniter\Session\Handlers\FileHandler' driver.
INFO - 2023-12-23 09:35:19 --> Session: Class initialized using 'CodeIgniter\Session\Handlers\FileHandler' driver.
INFO - 2023-12-23 09:35:19 --> Session: Class initialized using 'CodeIgniter\Session\Handlers\FileHandler' driver.
CRITICAL - 2023-12-23 09:36:55 --> CodeIgniter\HTTP\RedirectResponse::back(): Argument #1 ($code) must be of type ?int, string given, called in C:\xampp\htdocs\semester_3\Project_UAS\app\Controllers\Karyawan.php on line 93
in SYSTEMPATH\HTTP\RedirectResponse.php on line 74.
 1 APPPATH\Controllers\Karyawan.php(93): CodeIgniter\HTTP\RedirectResponse->back('/karyawan/')
 2 SYSTEMPATH\CodeIgniter.php(919): App\Controllers\Karyawan->delete('52')
 3 SYSTEMPATH\CodeIgniter.php(494): CodeIgniter\CodeIgniter->runController(Object(App\Controllers\Karyawan))
 4 SYSTEMPATH\CodeIgniter.php(353): CodeIgniter\CodeIgniter->handleRequest(null, Object(Config\Cache), false)
 5 FCPATH\index.php(79): CodeIgniter\CodeIgniter->run()
CRITICAL - 2023-12-23 09:37:02 --> CodeIgniter\HTTP\RedirectResponse::back(): Argument #1 ($code) must be of type ?int, string given, called in C:\xampp\htdocs\semester_3\Project_UAS\app\Controllers\Karyawan.php on line 93
in SYSTEMPATH\HTTP\RedirectResponse.php on line 74.
 1 APPPATH\Controllers\Karyawan.php(93): CodeIgniter\HTTP\RedirectResponse->back('/karyawan/')
 2 SYSTEMPATH\CodeIgniter.php(919): App\Controllers\Karyawan->delete('53')
 3 SYSTEMPATH\CodeIgniter.php(494): CodeIgniter\CodeIgniter->runController(Object(App\Controllers\Karyawan))
 4 SYSTEMPATH\CodeIgniter.php(353): CodeIgniter\CodeIgniter->handleRequest(null, Object(Config\Cache), false)
 5 FCPATH\index.php(79): CodeIgniter\CodeIgniter->run()
INFO - 2023-12-23 09:37:05 --> Session: Class initialized using 'CodeIgniter\Session\Handlers\FileHandler' driver.
INFO - 2023-12-23 09:37:12 --> Session: Class initialized using 'CodeIgniter\Session\Handlers\FileHandler' driver.
INFO - 2023-12-23 09:37:13 --> Session: Class initialized using 'CodeIgniter\Session\Handlers\FileHandler' driver.
CRITICAL - 2023-12-23 09:37:19 --> CodeIgniter\HTTP\RedirectResponse::back(): Argument #1 ($code) must be of type ?int, string given, called in C:\xampp\htdocs\semester_3\Project_UAS\app\Controllers\Karyawan.php on line 93
in SYSTEMPATH\HTTP\RedirectResponse.php on line 74.
 1 APPPATH\Controllers\Karyawan.php(93): CodeIgniter\HTTP\RedirectResponse->back('/karyawan/')
 2 SYSTEMPATH\CodeIgniter.php(919): App\Controllers\Karyawan->delete('58')
 3 SYSTEMPATH\CodeIgniter.php(494): CodeIgniter\CodeIgniter->runController(Object(App\Controllers\Karyawan))
 4 SYSTEMPATH\CodeIgniter.php(353): CodeIgniter\CodeIgniter->handleRequest(null, Object(Config\Cache), false)
 5 FCPATH\index.php(79): CodeIgniter\CodeIgniter->run()
INFO - 2023-12-23 09:37:29 --> Session: Class initialized using 'CodeIgniter\Session\Handlers\FileHandler' driver.
INFO - 2023-12-23 09:37:32 --> Session: Class initialized using 'CodeIgniter\Session\Handlers\FileHandler' driver.
INFO - 2023-12-23 09:37:37 --> Session: Class initialized using 'CodeIgniter\Session\Handlers\FileHandler' driver.
INFO - 2023-12-23 09:37:38 --> Session: Class initialized using 'CodeIgniter\Session\Handlers\FileHandler' driver.
INFO - 2023-12-23 09:37:43 --> Session: Class initialized using 'CodeIgniter\Session\Handlers\FileHandler' driver.
INFO - 2023-12-23 09:38:13 --> Session: Class initialized using 'CodeIgniter\Session\Handlers\FileHandler' driver.
