INFO - 2023-12-17 03:05:14 --> Session: Class initialized using 'CodeIgniter\Session\Handlers\FileHandler' driver.
INFO - 2023-12-17 03:05:20 --> Session: Class initialized using 'CodeIgniter\Session\Handlers\FileHandler' driver.
INFO - 2023-12-17 03:05:20 --> Session: Class initialized using 'CodeIgniter\Session\Handlers\FileHandler' driver.
INFO - 2023-12-17 03:06:35 --> Session: Class initialized using 'CodeIgniter\Session\Handlers\FileHandler' driver.
INFO - 2023-12-17 03:06:41 --> Session: Class initialized using 'CodeIgniter\Session\Handlers\FileHandler' driver.
INFO - 2023-12-17 03:06:41 --> Session: Class initialized using 'CodeIgniter\Session\Handlers\FileHandler' driver.
INFO - 2023-12-17 03:06:53 --> Session: Class initialized using 'CodeIgniter\Session\Handlers\FileHandler' driver.
INFO - 2023-12-17 03:07:00 --> Session: Class initialized using 'CodeIgniter\Session\Handlers\FileHandler' driver.
INFO - 2023-12-17 03:07:01 --> Session: Class initialized using 'CodeIgniter\Session\Handlers\FileHandler' driver.
INFO - 2023-12-17 03:07:30 --> Session: Class initialized using 'CodeIgniter\Session\Handlers\FileHandler' driver.
INFO - 2023-12-17 03:07:37 --> Session: Class initialized using 'CodeIgniter\Session\Handlers\FileHandler' driver.
INFO - 2023-12-17 03:07:37 --> Session: Class initialized using 'CodeIgniter\Session\Handlers\FileHandler' driver.
INFO - 2023-12-17 03:07:49 --> Session: Class initialized using 'CodeIgniter\Session\Handlers\FileHandler' driver.
INFO - 2023-12-17 03:07:50 --> Session: Class initialized using 'CodeIgniter\Session\Handlers\FileHandler' driver.
INFO - 2023-12-17 03:07:57 --> Session: Class initialized using 'CodeIgniter\Session\Handlers\FileHandler' driver.
INFO - 2023-12-17 03:07:58 --> Session: Class initialized using 'CodeIgniter\Session\Handlers\FileHandler' driver.
INFO - 2023-12-17 03:40:20 --> Session: Class initialized using 'CodeIgniter\Session\Handlers\FileHandler' driver.
INFO - 2023-12-17 03:40:27 --> Session: Class initialized using 'CodeIgniter\Session\Handlers\FileHandler' driver.
INFO - 2023-12-17 03:40:28 --> Session: Class initialized using 'CodeIgniter\Session\Handlers\FileHandler' driver.
INFO - 2023-12-17 04:19:01 --> Session: Class initialized using 'CodeIgniter\Session\Handlers\FileHandler' driver.
INFO - 2023-12-17 04:19:04 --> Session: Class initialized using 'CodeIgniter\Session\Handlers\FileHandler' driver.
INFO - 2023-12-17 04:19:04 --> Session: Class initialized using 'CodeIgniter\Session\Handlers\FileHandler' driver.
INFO - 2023-12-17 04:19:06 --> Session: Class initialized using 'CodeIgniter\Session\Handlers\FileHandler' driver.
CRITICAL - 2023-12-17 04:22:20 --> Too few arguments to function App\Controllers\Karyawan::edit(), 0 passed in C:\xampp\htdocs\semester_3\Project_UAS\system\CodeIgniter.php on line 919 and exactly 1 expected
in APPPATH\Controllers\Karyawan.php on line 63.
 1 SYSTEMPATH\CodeIgniter.php(919): App\Controllers\Karyawan->edit()
 2 SYSTEMPATH\CodeIgniter.php(494): CodeIgniter\CodeIgniter->runController(Object(App\Controllers\Karyawan))
 3 SYSTEMPATH\CodeIgniter.php(353): CodeIgniter\CodeIgniter->handleRequest(null, Object(Config\Cache), false)
 4 FCPATH\index.php(79): CodeIgniter\CodeIgniter->run()
 5 SYSTEMPATH\Commands\Server\rewrite.php(47): require_once('C:\\xampp\\htdocs\\semester_3\\Project_UAS\\public\\index.php')
CRITICAL - 2023-12-17 04:40:45 --> Attempt to read property "id_karyawan" on array
in APPPATH\Views\view\karyawan.php on line 51.
 1 APPPATH\Views\view\karyawan.php(51): CodeIgniter\Debug\Exceptions->errorHandler(2, 'Attempt to read property "id_karyawan" on array', 'C:\\xampp\\htdocs\\semester_3\\Project_UAS\\app\\Views\\view\\karyawan.php', 51)
 2 SYSTEMPATH\View\View.php(226): include('C:\\xampp\\htdocs\\semester_3\\Project_UAS\\app\\Views\\view\\karyawan.php')
 3 SYSTEMPATH\View\View.php(229): CodeIgniter\View\View->CodeIgniter\View\{closure}()
 4 SYSTEMPATH\Common.php(1188): CodeIgniter\View\View->render('view/karyawan', [], true)
 5 APPPATH\Controllers\Karyawan.php(27): view('view/karyawan', [...])
 6 SYSTEMPATH\CodeIgniter.php(919): App\Controllers\Karyawan->index()
 7 SYSTEMPATH\CodeIgniter.php(494): CodeIgniter\CodeIgniter->runController(Object(App\Controllers\Karyawan))
 8 SYSTEMPATH\CodeIgniter.php(353): CodeIgniter\CodeIgniter->handleRequest(null, Object(Config\Cache), false)
 9 FCPATH\index.php(79): CodeIgniter\CodeIgniter->run()
10 SYSTEMPATH\Commands\Server\rewrite.php(47): require_once('C:\\xampp\\htdocs\\semester_3\\Project_UAS\\public\\index.php')
CRITICAL - 2023-12-17 04:40:45 --> Attempt to read property "id_karyawan" on array
in APPPATH\Views\view\karyawan.php on line 51.
 1 APPPATH\Views\view\karyawan.php(51): CodeIgniter\Debug\Exceptions->errorHandler(2, 'Attempt to read property "id_karyawan" on array', 'C:\\xampp\\htdocs\\semester_3\\Project_UAS\\app\\Views\\view\\karyawan.php', 51)
 2 SYSTEMPATH\View\View.php(226): include('C:\\xampp\\htdocs\\semester_3\\Project_UAS\\app\\Views\\view\\karyawan.php')
 3 SYSTEMPATH\View\View.php(229): CodeIgniter\View\View->CodeIgniter\View\{closure}()
 4 SYSTEMPATH\Common.php(1188): CodeIgniter\View\View->render('view/karyawan', [], true)
 5 APPPATH\Controllers\Karyawan.php(27): view('view/karyawan', [...])
 6 SYSTEMPATH\CodeIgniter.php(919): App\Controllers\Karyawan->index()
 7 SYSTEMPATH\CodeIgniter.php(494): CodeIgniter\CodeIgniter->runController(Object(App\Controllers\Karyawan))
 8 SYSTEMPATH\CodeIgniter.php(353): CodeIgniter\CodeIgniter->handleRequest(null, Object(Config\Cache), false)
 9 FCPATH\index.php(79): CodeIgniter\CodeIgniter->run()
10 SYSTEMPATH\Commands\Server\rewrite.php(47): require_once('C:\\xampp\\htdocs\\semester_3\\Project_UAS\\public\\index.php')
INFO - 2023-12-17 04:40:53 --> Session: Class initialized using 'CodeIgniter\Session\Handlers\FileHandler' driver.
CRITICAL - 2023-12-17 04:40:55 --> Attempt to read property "id_karyawan" on array
in APPPATH\Views\view\karyawan.php on line 51.
 1 APPPATH\Views\view\karyawan.php(51): CodeIgniter\Debug\Exceptions->errorHandler(2, 'Attempt to read property "id_karyawan" on array', 'C:\\xampp\\htdocs\\semester_3\\Project_UAS\\app\\Views\\view\\karyawan.php', 51)
 2 SYSTEMPATH\View\View.php(226): include('C:\\xampp\\htdocs\\semester_3\\Project_UAS\\app\\Views\\view\\karyawan.php')
 3 SYSTEMPATH\View\View.php(229): CodeIgniter\View\View->CodeIgniter\View\{closure}()
 4 SYSTEMPATH\Common.php(1188): CodeIgniter\View\View->render('view/karyawan', [], true)
 5 APPPATH\Controllers\Karyawan.php(27): view('view/karyawan', [...])
 6 SYSTEMPATH\CodeIgniter.php(919): App\Controllers\Karyawan->index()
 7 SYSTEMPATH\CodeIgniter.php(494): CodeIgniter\CodeIgniter->runController(Object(App\Controllers\Karyawan))
 8 SYSTEMPATH\CodeIgniter.php(353): CodeIgniter\CodeIgniter->handleRequest(null, Object(Config\Cache), false)
 9 FCPATH\index.php(79): CodeIgniter\CodeIgniter->run()
10 SYSTEMPATH\Commands\Server\rewrite.php(47): require_once('C:\\xampp\\htdocs\\semester_3\\Project_UAS\\public\\index.php')
INFO - 2023-12-17 04:40:57 --> Session: Class initialized using 'CodeIgniter\Session\Handlers\FileHandler' driver.
CRITICAL - 2023-12-17 04:40:58 --> Attempt to read property "id_karyawan" on array
in APPPATH\Views\view\karyawan.php on line 51.
 1 APPPATH\Views\view\karyawan.php(51): CodeIgniter\Debug\Exceptions->errorHandler(2, 'Attempt to read property "id_karyawan" on array', 'C:\\xampp\\htdocs\\semester_3\\Project_UAS\\app\\Views\\view\\karyawan.php', 51)
 2 SYSTEMPATH\View\View.php(226): include('C:\\xampp\\htdocs\\semester_3\\Project_UAS\\app\\Views\\view\\karyawan.php')
 3 SYSTEMPATH\View\View.php(229): CodeIgniter\View\View->CodeIgniter\View\{closure}()
 4 SYSTEMPATH\Common.php(1188): CodeIgniter\View\View->render('view/karyawan', [], true)
 5 APPPATH\Controllers\Karyawan.php(27): view('view/karyawan', [...])
 6 SYSTEMPATH\CodeIgniter.php(919): App\Controllers\Karyawan->index()
 7 SYSTEMPATH\CodeIgniter.php(494): CodeIgniter\CodeIgniter->runController(Object(App\Controllers\Karyawan))
 8 SYSTEMPATH\CodeIgniter.php(353): CodeIgniter\CodeIgniter->handleRequest(null, Object(Config\Cache), false)
 9 FCPATH\index.php(79): CodeIgniter\CodeIgniter->run()
10 SYSTEMPATH\Commands\Server\rewrite.php(47): require_once('C:\\xampp\\htdocs\\semester_3\\Project_UAS\\public\\index.php')
CRITICAL - 2023-12-17 07:15:57 --> Attempt to read property "id_karyawan" on array
in APPPATH\Views\view\karyawan.php on line 51.
 1 APPPATH\Views\view\karyawan.php(51): CodeIgniter\Debug\Exceptions->errorHandler(2, 'Attempt to read property "id_karyawan" on array', 'C:\\xampp\\htdocs\\semester_3\\Project_UAS\\app\\Views\\view\\karyawan.php', 51)
 2 SYSTEMPATH\View\View.php(226): include('C:\\xampp\\htdocs\\semester_3\\Project_UAS\\app\\Views\\view\\karyawan.php')
 3 SYSTEMPATH\View\View.php(229): CodeIgniter\View\View->CodeIgniter\View\{closure}()
 4 SYSTEMPATH\Common.php(1188): CodeIgniter\View\View->render('view/karyawan', [], true)
 5 APPPATH\Controllers\Karyawan.php(27): view('view/karyawan', [...])
 6 SYSTEMPATH\CodeIgniter.php(919): App\Controllers\Karyawan->index()
 7 SYSTEMPATH\CodeIgniter.php(494): CodeIgniter\CodeIgniter->runController(Object(App\Controllers\Karyawan))
 8 SYSTEMPATH\CodeIgniter.php(353): CodeIgniter\CodeIgniter->handleRequest(null, Object(Config\Cache), false)
 9 FCPATH\index.php(79): CodeIgniter\CodeIgniter->run()
10 SYSTEMPATH\Commands\Server\rewrite.php(47): require_once('C:\\xampp\\htdocs\\semester_3\\Project_UAS\\public\\index.php')
CRITICAL - 2023-12-17 07:21:48 --> Attempt to read property "id_karyawan" on array
in APPPATH\Views\view\karyawan.php on line 51.
 1 APPPATH\Views\view\karyawan.php(51): CodeIgniter\Debug\Exceptions->errorHandler(2, 'Attempt to read property "id_karyawan" on array', 'C:\\xampp\\htdocs\\semester_3\\Project_UAS\\app\\Views\\view\\karyawan.php', 51)
 2 SYSTEMPATH\View\View.php(226): include('C:\\xampp\\htdocs\\semester_3\\Project_UAS\\app\\Views\\view\\karyawan.php')
 3 SYSTEMPATH\View\View.php(229): CodeIgniter\View\View->CodeIgniter\View\{closure}()
 4 SYSTEMPATH\Common.php(1188): CodeIgniter\View\View->render('view/karyawan', [], true)
 5 APPPATH\Controllers\Karyawan.php(27): view('view/karyawan', [...])
 6 SYSTEMPATH\CodeIgniter.php(919): App\Controllers\Karyawan->index()
 7 SYSTEMPATH\CodeIgniter.php(494): CodeIgniter\CodeIgniter->runController(Object(App\Controllers\Karyawan))
 8 SYSTEMPATH\CodeIgniter.php(353): CodeIgniter\CodeIgniter->handleRequest(null, Object(Config\Cache), false)
 9 FCPATH\index.php(79): CodeIgniter\CodeIgniter->run()
10 SYSTEMPATH\Commands\Server\rewrite.php(47): require_once('C:\\xampp\\htdocs\\semester_3\\Project_UAS\\public\\index.php')
CRITICAL - 2023-12-17 07:21:49 --> Attempt to read property "id_karyawan" on array
in APPPATH\Views\view\karyawan.php on line 51.
 1 APPPATH\Views\view\karyawan.php(51): CodeIgniter\Debug\Exceptions->errorHandler(2, 'Attempt to read property "id_karyawan" on array', 'C:\\xampp\\htdocs\\semester_3\\Project_UAS\\app\\Views\\view\\karyawan.php', 51)
 2 SYSTEMPATH\View\View.php(226): include('C:\\xampp\\htdocs\\semester_3\\Project_UAS\\app\\Views\\view\\karyawan.php')
 3 SYSTEMPATH\View\View.php(229): CodeIgniter\View\View->CodeIgniter\View\{closure}()
 4 SYSTEMPATH\Common.php(1188): CodeIgniter\View\View->render('view/karyawan', [], true)
 5 APPPATH\Controllers\Karyawan.php(27): view('view/karyawan', [...])
 6 SYSTEMPATH\CodeIgniter.php(919): App\Controllers\Karyawan->index()
 7 SYSTEMPATH\CodeIgniter.php(494): CodeIgniter\CodeIgniter->runController(Object(App\Controllers\Karyawan))
 8 SYSTEMPATH\CodeIgniter.php(353): CodeIgniter\CodeIgniter->handleRequest(null, Object(Config\Cache), false)
 9 FCPATH\index.php(79): CodeIgniter\CodeIgniter->run()
10 SYSTEMPATH\Commands\Server\rewrite.php(47): require_once('C:\\xampp\\htdocs\\semester_3\\Project_UAS\\public\\index.php')
CRITICAL - 2023-12-17 07:21:52 --> Attempt to read property "id_karyawan" on array
in APPPATH\Views\view\karyawan.php on line 51.
 1 APPPATH\Views\view\karyawan.php(51): CodeIgniter\Debug\Exceptions->errorHandler(2, 'Attempt to read property "id_karyawan" on array', 'C:\\xampp\\htdocs\\semester_3\\Project_UAS\\app\\Views\\view\\karyawan.php', 51)
 2 SYSTEMPATH\View\View.php(226): include('C:\\xampp\\htdocs\\semester_3\\Project_UAS\\app\\Views\\view\\karyawan.php')
 3 SYSTEMPATH\View\View.php(229): CodeIgniter\View\View->CodeIgniter\View\{closure}()
 4 SYSTEMPATH\Common.php(1188): CodeIgniter\View\View->render('view/karyawan', [], true)
 5 APPPATH\Controllers\Karyawan.php(27): view('view/karyawan', [...])
 6 SYSTEMPATH\CodeIgniter.php(919): App\Controllers\Karyawan->index()
 7 SYSTEMPATH\CodeIgniter.php(494): CodeIgniter\CodeIgniter->runController(Object(App\Controllers\Karyawan))
 8 SYSTEMPATH\CodeIgniter.php(353): CodeIgniter\CodeIgniter->handleRequest(null, Object(Config\Cache), false)
 9 FCPATH\index.php(79): CodeIgniter\CodeIgniter->run()
10 SYSTEMPATH\Commands\Server\rewrite.php(47): require_once('C:\\xampp\\htdocs\\semester_3\\Project_UAS\\public\\index.php')
CRITICAL - 2023-12-17 07:22:42 --> Attempt to read property "id_karyawan" on array
in APPPATH\Views\view\karyawan.php on line 51.
 1 APPPATH\Views\view\karyawan.php(51): CodeIgniter\Debug\Exceptions->errorHandler(2, 'Attempt to read property "id_karyawan" on array', 'C:\\xampp\\htdocs\\semester_3\\Project_UAS\\app\\Views\\view\\karyawan.php', 51)
 2 SYSTEMPATH\View\View.php(226): include('C:\\xampp\\htdocs\\semester_3\\Project_UAS\\app\\Views\\view\\karyawan.php')
 3 SYSTEMPATH\View\View.php(229): CodeIgniter\View\View->CodeIgniter\View\{closure}()
 4 SYSTEMPATH\Common.php(1188): CodeIgniter\View\View->render('view/karyawan', [], true)
 5 APPPATH\Controllers\Karyawan.php(27): view('view/karyawan', [...])
 6 SYSTEMPATH\CodeIgniter.php(919): App\Controllers\Karyawan->index()
 7 SYSTEMPATH\CodeIgniter.php(494): CodeIgniter\CodeIgniter->runController(Object(App\Controllers\Karyawan))
 8 SYSTEMPATH\CodeIgniter.php(353): CodeIgniter\CodeIgniter->handleRequest(null, Object(Config\Cache), false)
 9 FCPATH\index.php(79): CodeIgniter\CodeIgniter->run()
10 SYSTEMPATH\Commands\Server\rewrite.php(47): require_once('C:\\xampp\\htdocs\\semester_3\\Project_UAS\\public\\index.php')
CRITICAL - 2023-12-17 07:25:22 --> Attempt to read property "id_karyawan" on array
in APPPATH\Views\view\karyawan.php on line 51.
 1 APPPATH\Views\view\karyawan.php(51): CodeIgniter\Debug\Exceptions->errorHandler(2, 'Attempt to read property "id_karyawan" on array', 'C:\\xampp\\htdocs\\semester_3\\Project_UAS\\app\\Views\\view\\karyawan.php', 51)
 2 SYSTEMPATH\View\View.php(226): include('C:\\xampp\\htdocs\\semester_3\\Project_UAS\\app\\Views\\view\\karyawan.php')
 3 SYSTEMPATH\View\View.php(229): CodeIgniter\View\View->CodeIgniter\View\{closure}()
 4 SYSTEMPATH\Common.php(1188): CodeIgniter\View\View->render('view/karyawan', [], true)
 5 APPPATH\Controllers\Karyawan.php(27): view('view/karyawan', [...])
 6 SYSTEMPATH\CodeIgniter.php(919): App\Controllers\Karyawan->index()
 7 SYSTEMPATH\CodeIgniter.php(494): CodeIgniter\CodeIgniter->runController(Object(App\Controllers\Karyawan))
 8 SYSTEMPATH\CodeIgniter.php(353): CodeIgniter\CodeIgniter->handleRequest(null, Object(Config\Cache), false)
 9 FCPATH\index.php(79): CodeIgniter\CodeIgniter->run()
10 SYSTEMPATH\Commands\Server\rewrite.php(47): require_once('C:\\xampp\\htdocs\\semester_3\\Project_UAS\\public\\index.php')
CRITICAL - 2023-12-17 07:25:23 --> Attempt to read property "id_karyawan" on array
in APPPATH\Views\view\karyawan.php on line 51.
 1 APPPATH\Views\view\karyawan.php(51): CodeIgniter\Debug\Exceptions->errorHandler(2, 'Attempt to read property "id_karyawan" on array', 'C:\\xampp\\htdocs\\semester_3\\Project_UAS\\app\\Views\\view\\karyawan.php', 51)
 2 SYSTEMPATH\View\View.php(226): include('C:\\xampp\\htdocs\\semester_3\\Project_UAS\\app\\Views\\view\\karyawan.php')
 3 SYSTEMPATH\View\View.php(229): CodeIgniter\View\View->CodeIgniter\View\{closure}()
 4 SYSTEMPATH\Common.php(1188): CodeIgniter\View\View->render('view/karyawan', [], true)
 5 APPPATH\Controllers\Karyawan.php(27): view('view/karyawan', [...])
 6 SYSTEMPATH\CodeIgniter.php(919): App\Controllers\Karyawan->index()
 7 SYSTEMPATH\CodeIgniter.php(494): CodeIgniter\CodeIgniter->runController(Object(App\Controllers\Karyawan))
 8 SYSTEMPATH\CodeIgniter.php(353): CodeIgniter\CodeIgniter->handleRequest(null, Object(Config\Cache), false)
 9 FCPATH\index.php(79): CodeIgniter\CodeIgniter->run()
10 SYSTEMPATH\Commands\Server\rewrite.php(47): require_once('C:\\xampp\\htdocs\\semester_3\\Project_UAS\\public\\index.php')
CRITICAL - 2023-12-17 07:27:48 --> Attempt to read property "id_karyawan" on array
in APPPATH\Views\view\karyawan.php on line 51.
 1 APPPATH\Views\view\karyawan.php(51): CodeIgniter\Debug\Exceptions->errorHandler(2, 'Attempt to read property "id_karyawan" on array', 'C:\\xampp\\htdocs\\semester_3\\Project_UAS\\app\\Views\\view\\karyawan.php', 51)
 2 SYSTEMPATH\View\View.php(226): include('C:\\xampp\\htdocs\\semester_3\\Project_UAS\\app\\Views\\view\\karyawan.php')
 3 SYSTEMPATH\View\View.php(229): CodeIgniter\View\View->CodeIgniter\View\{closure}()
 4 SYSTEMPATH\Common.php(1188): CodeIgniter\View\View->render('view/karyawan', [], true)
 5 APPPATH\Controllers\Karyawan.php(27): view('view/karyawan', [...])
 6 SYSTEMPATH\CodeIgniter.php(919): App\Controllers\Karyawan->index()
 7 SYSTEMPATH\CodeIgniter.php(494): CodeIgniter\CodeIgniter->runController(Object(App\Controllers\Karyawan))
 8 SYSTEMPATH\CodeIgniter.php(353): CodeIgniter\CodeIgniter->handleRequest(null, Object(Config\Cache), false)
 9 FCPATH\index.php(79): CodeIgniter\CodeIgniter->run()
10 SYSTEMPATH\Commands\Server\rewrite.php(47): require_once('C:\\xampp\\htdocs\\semester_3\\Project_UAS\\public\\index.php')
CRITICAL - 2023-12-17 07:27:49 --> Attempt to read property "id_karyawan" on array
in APPPATH\Views\view\karyawan.php on line 51.
 1 APPPATH\Views\view\karyawan.php(51): CodeIgniter\Debug\Exceptions->errorHandler(2, 'Attempt to read property "id_karyawan" on array', 'C:\\xampp\\htdocs\\semester_3\\Project_UAS\\app\\Views\\view\\karyawan.php', 51)
 2 SYSTEMPATH\View\View.php(226): include('C:\\xampp\\htdocs\\semester_3\\Project_UAS\\app\\Views\\view\\karyawan.php')
 3 SYSTEMPATH\View\View.php(229): CodeIgniter\View\View->CodeIgniter\View\{closure}()
 4 SYSTEMPATH\Common.php(1188): CodeIgniter\View\View->render('view/karyawan', [], true)
 5 APPPATH\Controllers\Karyawan.php(27): view('view/karyawan', [...])
 6 SYSTEMPATH\CodeIgniter.php(919): App\Controllers\Karyawan->index()
 7 SYSTEMPATH\CodeIgniter.php(494): CodeIgniter\CodeIgniter->runController(Object(App\Controllers\Karyawan))
 8 SYSTEMPATH\CodeIgniter.php(353): CodeIgniter\CodeIgniter->handleRequest(null, Object(Config\Cache), false)
 9 FCPATH\index.php(79): CodeIgniter\CodeIgniter->run()
10 SYSTEMPATH\Commands\Server\rewrite.php(47): require_once('C:\\xampp\\htdocs\\semester_3\\Project_UAS\\public\\index.php')
CRITICAL - 2023-12-17 07:27:55 --> Attempt to read property "id_karyawan" on array
in APPPATH\Views\view\karyawan.php on line 51.
 1 APPPATH\Views\view\karyawan.php(51): CodeIgniter\Debug\Exceptions->errorHandler(2, 'Attempt to read property "id_karyawan" on array', 'C:\\xampp\\htdocs\\semester_3\\Project_UAS\\app\\Views\\view\\karyawan.php', 51)
 2 SYSTEMPATH\View\View.php(226): include('C:\\xampp\\htdocs\\semester_3\\Project_UAS\\app\\Views\\view\\karyawan.php')
 3 SYSTEMPATH\View\View.php(229): CodeIgniter\View\View->CodeIgniter\View\{closure}()
 4 SYSTEMPATH\Common.php(1188): CodeIgniter\View\View->render('view/karyawan', [], true)
 5 APPPATH\Controllers\Karyawan.php(27): view('view/karyawan', [...])
 6 SYSTEMPATH\CodeIgniter.php(919): App\Controllers\Karyawan->index()
 7 SYSTEMPATH\CodeIgniter.php(494): CodeIgniter\CodeIgniter->runController(Object(App\Controllers\Karyawan))
 8 SYSTEMPATH\CodeIgniter.php(353): CodeIgniter\CodeIgniter->handleRequest(null, Object(Config\Cache), false)
 9 FCPATH\index.php(79): CodeIgniter\CodeIgniter->run()
10 SYSTEMPATH\Commands\Server\rewrite.php(47): require_once('C:\\xampp\\htdocs\\semester_3\\Project_UAS\\public\\index.php')
CRITICAL - 2023-12-17 07:29:58 --> Attempt to read property "id_karyawan" on array
in APPPATH\Views\view\karyawan.php on line 51.
 1 APPPATH\Views\view\karyawan.php(51): CodeIgniter\Debug\Exceptions->errorHandler(2, 'Attempt to read property "id_karyawan" on array', 'C:\\xampp\\htdocs\\semester_3\\Project_UAS\\app\\Views\\view\\karyawan.php', 51)
 2 SYSTEMPATH\View\View.php(226): include('C:\\xampp\\htdocs\\semester_3\\Project_UAS\\app\\Views\\view\\karyawan.php')
 3 SYSTEMPATH\View\View.php(229): CodeIgniter\View\View->CodeIgniter\View\{closure}()
 4 SYSTEMPATH\Common.php(1188): CodeIgniter\View\View->render('view/karyawan', [], true)
 5 APPPATH\Controllers\Karyawan.php(27): view('view/karyawan', [...])
 6 SYSTEMPATH\CodeIgniter.php(919): App\Controllers\Karyawan->index()
 7 SYSTEMPATH\CodeIgniter.php(494): CodeIgniter\CodeIgniter->runController(Object(App\Controllers\Karyawan))
 8 SYSTEMPATH\CodeIgniter.php(353): CodeIgniter\CodeIgniter->handleRequest(null, Object(Config\Cache), false)
 9 FCPATH\index.php(79): CodeIgniter\CodeIgniter->run()
10 SYSTEMPATH\Commands\Server\rewrite.php(47): require_once('C:\\xampp\\htdocs\\semester_3\\Project_UAS\\public\\index.php')
CRITICAL - 2023-12-17 07:30:00 --> Attempt to read property "id_karyawan" on array
in APPPATH\Views\view\karyawan.php on line 51.
 1 APPPATH\Views\view\karyawan.php(51): CodeIgniter\Debug\Exceptions->errorHandler(2, 'Attempt to read property "id_karyawan" on array', 'C:\\xampp\\htdocs\\semester_3\\Project_UAS\\app\\Views\\view\\karyawan.php', 51)
 2 SYSTEMPATH\View\View.php(226): include('C:\\xampp\\htdocs\\semester_3\\Project_UAS\\app\\Views\\view\\karyawan.php')
 3 SYSTEMPATH\View\View.php(229): CodeIgniter\View\View->CodeIgniter\View\{closure}()
 4 SYSTEMPATH\Common.php(1188): CodeIgniter\View\View->render('view/karyawan', [], true)
 5 APPPATH\Controllers\Karyawan.php(27): view('view/karyawan', [...])
 6 SYSTEMPATH\CodeIgniter.php(919): App\Controllers\Karyawan->index()
 7 SYSTEMPATH\CodeIgniter.php(494): CodeIgniter\CodeIgniter->runController(Object(App\Controllers\Karyawan))
 8 SYSTEMPATH\CodeIgniter.php(353): CodeIgniter\CodeIgniter->handleRequest(null, Object(Config\Cache), false)
 9 FCPATH\index.php(79): CodeIgniter\CodeIgniter->run()
10 SYSTEMPATH\Commands\Server\rewrite.php(47): require_once('C:\\xampp\\htdocs\\semester_3\\Project_UAS\\public\\index.php')
CRITICAL - 2023-12-17 07:30:05 --> Attempt to read property "id_karyawan" on array
in APPPATH\Views\view\karyawan.php on line 51.
 1 APPPATH\Views\view\karyawan.php(51): CodeIgniter\Debug\Exceptions->errorHandler(2, 'Attempt to read property "id_karyawan" on array', 'C:\\xampp\\htdocs\\semester_3\\Project_UAS\\app\\Views\\view\\karyawan.php', 51)
 2 SYSTEMPATH\View\View.php(226): include('C:\\xampp\\htdocs\\semester_3\\Project_UAS\\app\\Views\\view\\karyawan.php')
 3 SYSTEMPATH\View\View.php(229): CodeIgniter\View\View->CodeIgniter\View\{closure}()
 4 SYSTEMPATH\Common.php(1188): CodeIgniter\View\View->render('view/karyawan', [], true)
 5 APPPATH\Controllers\Karyawan.php(27): view('view/karyawan', [...])
 6 SYSTEMPATH\CodeIgniter.php(919): App\Controllers\Karyawan->index()
 7 SYSTEMPATH\CodeIgniter.php(494): CodeIgniter\CodeIgniter->runController(Object(App\Controllers\Karyawan))
 8 SYSTEMPATH\CodeIgniter.php(353): CodeIgniter\CodeIgniter->handleRequest(null, Object(Config\Cache), false)
 9 FCPATH\index.php(79): CodeIgniter\CodeIgniter->run()
10 SYSTEMPATH\Commands\Server\rewrite.php(47): require_once('C:\\xampp\\htdocs\\semester_3\\Project_UAS\\public\\index.php')
CRITICAL - 2023-12-17 07:32:45 --> Array to string conversion
in APPPATH\Views\view\karyawan.php on line 51.
 1 APPPATH\Views\view\karyawan.php(51): CodeIgniter\Debug\Exceptions->errorHandler(2, 'Array to string conversion', 'C:\\xampp\\htdocs\\semester_3\\Project_UAS\\app\\Views\\view\\karyawan.php', 51)
 2 SYSTEMPATH\View\View.php(226): include('C:\\xampp\\htdocs\\semester_3\\Project_UAS\\app\\Views\\view\\karyawan.php')
 3 SYSTEMPATH\View\View.php(229): CodeIgniter\View\View->CodeIgniter\View\{closure}()
 4 SYSTEMPATH\Common.php(1188): CodeIgniter\View\View->render('view/karyawan', [], true)
 5 APPPATH\Controllers\Karyawan.php(27): view('view/karyawan', [...])
 6 SYSTEMPATH\CodeIgniter.php(919): App\Controllers\Karyawan->index()
 7 SYSTEMPATH\CodeIgniter.php(494): CodeIgniter\CodeIgniter->runController(Object(App\Controllers\Karyawan))
 8 SYSTEMPATH\CodeIgniter.php(353): CodeIgniter\CodeIgniter->handleRequest(null, Object(Config\Cache), false)
 9 FCPATH\index.php(79): CodeIgniter\CodeIgniter->run()
10 SYSTEMPATH\Commands\Server\rewrite.php(47): require_once('C:\\xampp\\htdocs\\semester_3\\Project_UAS\\public\\index.php')
CRITICAL - 2023-12-17 07:33:05 --> Undefined array key "id_karyawan"
in APPPATH\Views\view\karyawan.php on line 51.
 1 APPPATH\Views\view\karyawan.php(51): CodeIgniter\Debug\Exceptions->errorHandler(2, 'Undefined array key "id_karyawan"', 'C:\\xampp\\htdocs\\semester_3\\Project_UAS\\app\\Views\\view\\karyawan.php', 51)
 2 SYSTEMPATH\View\View.php(226): include('C:\\xampp\\htdocs\\semester_3\\Project_UAS\\app\\Views\\view\\karyawan.php')
 3 SYSTEMPATH\View\View.php(229): CodeIgniter\View\View->CodeIgniter\View\{closure}()
 4 SYSTEMPATH\Common.php(1188): CodeIgniter\View\View->render('view/karyawan', [], true)
 5 APPPATH\Controllers\Karyawan.php(27): view('view/karyawan', [...])
 6 SYSTEMPATH\CodeIgniter.php(919): App\Controllers\Karyawan->index()
 7 SYSTEMPATH\CodeIgniter.php(494): CodeIgniter\CodeIgniter->runController(Object(App\Controllers\Karyawan))
 8 SYSTEMPATH\CodeIgniter.php(353): CodeIgniter\CodeIgniter->handleRequest(null, Object(Config\Cache), false)
 9 FCPATH\index.php(79): CodeIgniter\CodeIgniter->run()
10 SYSTEMPATH\Commands\Server\rewrite.php(47): require_once('C:\\xampp\\htdocs\\semester_3\\Project_UAS\\public\\index.php')
CRITICAL - 2023-12-17 07:33:34 --> Array to string conversion
in APPPATH\Views\view\karyawan.php on line 51.
 1 APPPATH\Views\view\karyawan.php(51): CodeIgniter\Debug\Exceptions->errorHandler(2, 'Array to string conversion', 'C:\\xampp\\htdocs\\semester_3\\Project_UAS\\app\\Views\\view\\karyawan.php', 51)
 2 SYSTEMPATH\View\View.php(226): include('C:\\xampp\\htdocs\\semester_3\\Project_UAS\\app\\Views\\view\\karyawan.php')
 3 SYSTEMPATH\View\View.php(229): CodeIgniter\View\View->CodeIgniter\View\{closure}()
 4 SYSTEMPATH\Common.php(1188): CodeIgniter\View\View->render('view/karyawan', [], true)
 5 APPPATH\Controllers\Karyawan.php(27): view('view/karyawan', [...])
 6 SYSTEMPATH\CodeIgniter.php(919): App\Controllers\Karyawan->index()
 7 SYSTEMPATH\CodeIgniter.php(494): CodeIgniter\CodeIgniter->runController(Object(App\Controllers\Karyawan))
 8 SYSTEMPATH\CodeIgniter.php(353): CodeIgniter\CodeIgniter->handleRequest(null, Object(Config\Cache), false)
 9 FCPATH\index.php(79): CodeIgniter\CodeIgniter->run()
10 SYSTEMPATH\Commands\Server\rewrite.php(47): require_once('C:\\xampp\\htdocs\\semester_3\\Project_UAS\\public\\index.php')
CRITICAL - 2023-12-17 07:33:59 --> Array to string conversion
in APPPATH\Views\view\karyawan.php on line 51.
 1 APPPATH\Views\view\karyawan.php(51): CodeIgniter\Debug\Exceptions->errorHandler(2, 'Array to string conversion', 'C:\\xampp\\htdocs\\semester_3\\Project_UAS\\app\\Views\\view\\karyawan.php', 51)
 2 SYSTEMPATH\View\View.php(226): include('C:\\xampp\\htdocs\\semester_3\\Project_UAS\\app\\Views\\view\\karyawan.php')
 3 SYSTEMPATH\View\View.php(229): CodeIgniter\View\View->CodeIgniter\View\{closure}()
 4 SYSTEMPATH\Common.php(1188): CodeIgniter\View\View->render('view/karyawan', [], true)
 5 APPPATH\Controllers\Karyawan.php(27): view('view/karyawan', [...])
 6 SYSTEMPATH\CodeIgniter.php(919): App\Controllers\Karyawan->index()
 7 SYSTEMPATH\CodeIgniter.php(494): CodeIgniter\CodeIgniter->runController(Object(App\Controllers\Karyawan))
 8 SYSTEMPATH\CodeIgniter.php(353): CodeIgniter\CodeIgniter->handleRequest(null, Object(Config\Cache), false)
 9 FCPATH\index.php(79): CodeIgniter\CodeIgniter->run()
10 SYSTEMPATH\Commands\Server\rewrite.php(47): require_once('C:\\xampp\\htdocs\\semester_3\\Project_UAS\\public\\index.php')
CRITICAL - 2023-12-17 07:35:25 --> Attempt to read property "id_karyawan" on array
in APPPATH\Views\view\karyawan.php on line 51.
 1 APPPATH\Views\view\karyawan.php(51): CodeIgniter\Debug\Exceptions->errorHandler(2, 'Attempt to read property "id_karyawan" on array', 'C:\\xampp\\htdocs\\semester_3\\Project_UAS\\app\\Views\\view\\karyawan.php', 51)
 2 SYSTEMPATH\View\View.php(226): include('C:\\xampp\\htdocs\\semester_3\\Project_UAS\\app\\Views\\view\\karyawan.php')
 3 SYSTEMPATH\View\View.php(229): CodeIgniter\View\View->CodeIgniter\View\{closure}()
 4 SYSTEMPATH\Common.php(1188): CodeIgniter\View\View->render('view/karyawan', [], true)
 5 APPPATH\Controllers\Karyawan.php(27): view('view/karyawan', [...])
 6 SYSTEMPATH\CodeIgniter.php(919): App\Controllers\Karyawan->index()
 7 SYSTEMPATH\CodeIgniter.php(494): CodeIgniter\CodeIgniter->runController(Object(App\Controllers\Karyawan))
 8 SYSTEMPATH\CodeIgniter.php(353): CodeIgniter\CodeIgniter->handleRequest(null, Object(Config\Cache), false)
 9 FCPATH\index.php(79): CodeIgniter\CodeIgniter->run()
10 SYSTEMPATH\Commands\Server\rewrite.php(47): require_once('C:\\xampp\\htdocs\\semester_3\\Project_UAS\\public\\index.php')
INFO - 2023-12-17 07:35:55 --> Session: Class initialized using 'CodeIgniter\Session\Handlers\FileHandler' driver.
INFO - 2023-12-17 07:36:02 --> Session: Class initialized using 'CodeIgniter\Session\Handlers\FileHandler' driver.
INFO - 2023-12-17 07:36:02 --> Session: Class initialized using 'CodeIgniter\Session\Handlers\FileHandler' driver.
INFO - 2023-12-17 07:36:19 --> Session: Class initialized using 'CodeIgniter\Session\Handlers\FileHandler' driver.
INFO - 2023-12-17 07:36:19 --> Session: Class initialized using 'CodeIgniter\Session\Handlers\FileHandler' driver.
INFO - 2023-12-17 07:36:35 --> Session: Class initialized using 'CodeIgniter\Session\Handlers\FileHandler' driver.
ERROR - 2023-12-17 07:36:42 --> mysqli_sql_exception: Duplicate entry '0' for key 'PRIMARY' in C:\xampp\htdocs\semester_3\Project_UAS\system\Database\MySQLi\Connection.php:306
Stack trace:
#0 C:\xampp\htdocs\semester_3\Project_UAS\system\Database\MySQLi\Connection.php(306): mysqli->query('INSERT INTO `da...', 0)
#1 C:\xampp\htdocs\semester_3\Project_UAS\system\Database\BaseConnection.php(692): CodeIgniter\Database\MySQLi\Connection->execute('INSERT INTO `da...')
#2 C:\xampp\htdocs\semester_3\Project_UAS\system\Database\BaseConnection.php(606): CodeIgniter\Database\BaseConnection->simpleQuery('INSERT INTO `da...')
#3 C:\xampp\htdocs\semester_3\Project_UAS\system\Database\BaseBuilder.php(2308): CodeIgniter\Database\BaseConnection->query('INSERT INTO `da...', Array, false)
#4 C:\xampp\htdocs\semester_3\Project_UAS\system\Model.php(319): CodeIgniter\Database\BaseBuilder->insert()
#5 C:\xampp\htdocs\semester_3\Project_UAS\system\BaseModel.php(788): CodeIgniter\Model->doInsert(Array)
#6 C:\xampp\htdocs\semester_3\Project_UAS\system\Model.php(715): CodeIgniter\BaseModel->insert(Array, true)
#7 C:\xampp\htdocs\semester_3\Project_UAS\app\Controllers\Karyawan.php(55): CodeIgniter\Model->insert(Array)
#8 C:\xampp\htdocs\semester_3\Project_UAS\system\CodeIgniter.php(919): App\Controllers\Karyawan->save()
#9 C:\xampp\htdocs\semester_3\Project_UAS\system\CodeIgniter.php(494): CodeIgniter\CodeIgniter->runController(Object(App\Controllers\Karyawan))
#10 C:\xampp\htdocs\semester_3\Project_UAS\system\CodeIgniter.php(353): CodeIgniter\CodeIgniter->handleRequest(NULL, Object(Config\Cache), false)
#11 C:\xampp\htdocs\semester_3\Project_UAS\public\index.php(79): CodeIgniter\CodeIgniter->run()
#12 C:\xampp\htdocs\semester_3\Project_UAS\system\Commands\Server\rewrite.php(47): require_once('C:\\xampp\\htdocs...')
#13 {main}
CRITICAL - 2023-12-17 07:36:42 --> Duplicate entry '0' for key 'PRIMARY'
in SYSTEMPATH\Database\BaseConnection.php on line 646.
 1 SYSTEMPATH\Database\BaseBuilder.php(2308): CodeIgniter\Database\BaseConnection->query('INSERT INTO `data_karyawan` (`nama`, `posisi`, `status`) VALUES (:nama:, :posisi:, :status:)', [...], false)
 2 SYSTEMPATH\Model.php(319): CodeIgniter\Database\BaseBuilder->insert()
 3 SYSTEMPATH\BaseModel.php(788): CodeIgniter\Model->doInsert([...])
 4 SYSTEMPATH\Model.php(715): CodeIgniter\BaseModel->insert([...], true)
 5 APPPATH\Controllers\Karyawan.php(55): CodeIgniter\Model->insert([...])
 6 SYSTEMPATH\CodeIgniter.php(919): App\Controllers\Karyawan->save()
 7 SYSTEMPATH\CodeIgniter.php(494): CodeIgniter\CodeIgniter->runController(Object(App\Controllers\Karyawan))
 8 SYSTEMPATH\CodeIgniter.php(353): CodeIgniter\CodeIgniter->handleRequest(null, Object(Config\Cache), false)
 9 FCPATH\index.php(79): CodeIgniter\CodeIgniter->run()
10 SYSTEMPATH\Commands\Server\rewrite.php(47): require_once('C:\\xampp\\htdocs\\semester_3\\Project_UAS\\public\\index.php')
INFO - 2023-12-17 07:36:45 --> Session: Class initialized using 'CodeIgniter\Session\Handlers\FileHandler' driver.
INFO - 2023-12-17 07:37:32 --> Session: Class initialized using 'CodeIgniter\Session\Handlers\FileHandler' driver.
INFO - 2023-12-17 07:37:37 --> Session: Class initialized using 'CodeIgniter\Session\Handlers\FileHandler' driver.
INFO - 2023-12-17 07:37:37 --> Session: Class initialized using 'CodeIgniter\Session\Handlers\FileHandler' driver.
CRITICAL - 2023-12-17 07:37:46 --> Invalid file: "crud_karyawan/edit_karyawan.php"
in SYSTEMPATH\Exceptions\FrameworkException.php on line 39.
 1 SYSTEMPATH\View\View.php(214): CodeIgniter\Exceptions\FrameworkException::forInvalidFile('crud_karyawan/edit_karyawan.php')
 2 SYSTEMPATH\Common.php(1188): CodeIgniter\View\View->render('crud_karyawan/edit_karyawan', [], true)
 3 APPPATH\Controllers\Karyawan.php(71): view('crud_karyawan/edit_karyawan', [...])
 4 SYSTEMPATH\CodeIgniter.php(919): App\Controllers\Karyawan->preview('$1')
 5 SYSTEMPATH\CodeIgniter.php(494): CodeIgniter\CodeIgniter->runController(Object(App\Controllers\Karyawan))
 6 SYSTEMPATH\CodeIgniter.php(353): CodeIgniter\CodeIgniter->handleRequest(null, Object(Config\Cache), false)
 7 FCPATH\index.php(79): CodeIgniter\CodeIgniter->run()
 8 SYSTEMPATH\Commands\Server\rewrite.php(47): require_once('C:\\xampp\\htdocs\\semester_3\\Project_UAS\\public\\index.php')
INFO - 2023-12-17 07:38:53 --> Session: Class initialized using 'CodeIgniter\Session\Handlers\FileHandler' driver.
CRITICAL - 2023-12-17 07:38:53 --> Attempt to read property "id_karyawan" on array
in APPPATH\Views\view\crud_karyawan\edit_karyawan.php on line 18.
 1 APPPATH\Views\view\crud_karyawan\edit_karyawan.php(18): CodeIgniter\Debug\Exceptions->errorHandler(2, 'Attempt to read property "id_karyawan" on array', 'C:\\xampp\\htdocs\\semester_3\\Project_UAS\\app\\Views\\view\\crud_karyawan\\edit_karyawan.php', 18)
 2 SYSTEMPATH\View\View.php(226): include('C:\\xampp\\htdocs\\semester_3\\Project_UAS\\app\\Views\\view\\crud_karyawan\\edit_karyawan.php')
 3 SYSTEMPATH\View\View.php(229): CodeIgniter\View\View->CodeIgniter\View\{closure}()
 4 SYSTEMPATH\Common.php(1188): CodeIgniter\View\View->render('view/crud_karyawan/edit_karyawan', [], true)
 5 APPPATH\Controllers\Karyawan.php(71): view('view/crud_karyawan/edit_karyawan', [...])
 6 SYSTEMPATH\CodeIgniter.php(919): App\Controllers\Karyawan->preview('$1')
 7 SYSTEMPATH\CodeIgniter.php(494): CodeIgniter\CodeIgniter->runController(Object(App\Controllers\Karyawan))
 8 SYSTEMPATH\CodeIgniter.php(353): CodeIgniter\CodeIgniter->handleRequest(null, Object(Config\Cache), false)
 9 FCPATH\index.php(79): CodeIgniter\CodeIgniter->run()
10 SYSTEMPATH\Commands\Server\rewrite.php(47): require_once('C:\\xampp\\htdocs\\semester_3\\Project_UAS\\public\\index.php')
INFO - 2023-12-17 14:53:59 --> Session: Class initialized using 'CodeIgniter\Session\Handlers\FileHandler' driver.
CRITICAL - 2023-12-17 14:53:59 --> Attempt to read property "id_karyawan" on array
in APPPATH\Views\view\crud_karyawan\edit_karyawan.php on line 18.
 1 APPPATH\Views\view\crud_karyawan\edit_karyawan.php(18): CodeIgniter\Debug\Exceptions->errorHandler(2, 'Attempt to read property "id_karyawan" on array', 'C:\\xampp\\htdocs\\semester_3\\Project_UAS\\app\\Views\\view\\crud_karyawan\\edit_karyawan.php', 18)
 2 SYSTEMPATH\View\View.php(226): include('C:\\xampp\\htdocs\\semester_3\\Project_UAS\\app\\Views\\view\\crud_karyawan\\edit_karyawan.php')
 3 SYSTEMPATH\View\View.php(229): CodeIgniter\View\View->CodeIgniter\View\{closure}()
 4 SYSTEMPATH\Common.php(1188): CodeIgniter\View\View->render('view/crud_karyawan/edit_karyawan', [], true)
 5 APPPATH\Controllers\Karyawan.php(69): view('view/crud_karyawan/edit_karyawan', [...])
 6 SYSTEMPATH\CodeIgniter.php(919): App\Controllers\Karyawan->preview('$1')
 7 SYSTEMPATH\CodeIgniter.php(494): CodeIgniter\CodeIgniter->runController(Object(App\Controllers\Karyawan))
 8 SYSTEMPATH\CodeIgniter.php(353): CodeIgniter\CodeIgniter->handleRequest(null, Object(Config\Cache), false)
 9 FCPATH\index.php(79): CodeIgniter\CodeIgniter->run()
10 SYSTEMPATH\Commands\Server\rewrite.php(47): require_once('C:\\xampp\\htdocs\\semester_3\\Project_UAS\\public\\index.php')
INFO - 2023-12-17 15:01:39 --> Session: Class initialized using 'CodeIgniter\Session\Handlers\FileHandler' driver.
CRITICAL - 2023-12-17 15:01:39 --> Attempt to read property "id_karyawan" on array
in APPPATH\Views\view\crud_karyawan\edit_karyawan.php on line 18.
 1 APPPATH\Views\view\crud_karyawan\edit_karyawan.php(18): CodeIgniter\Debug\Exceptions->errorHandler(2, 'Attempt to read property "id_karyawan" on array', 'C:\\xampp\\htdocs\\semester_3\\Project_UAS\\app\\Views\\view\\crud_karyawan\\edit_karyawan.php', 18)
 2 SYSTEMPATH\View\View.php(226): include('C:\\xampp\\htdocs\\semester_3\\Project_UAS\\app\\Views\\view\\crud_karyawan\\edit_karyawan.php')
 3 SYSTEMPATH\View\View.php(229): CodeIgniter\View\View->CodeIgniter\View\{closure}()
 4 SYSTEMPATH\Common.php(1188): CodeIgniter\View\View->render('view/crud_karyawan/edit_karyawan', [], true)
 5 APPPATH\Controllers\Karyawan.php(69): view('view/crud_karyawan/edit_karyawan', [...])
 6 SYSTEMPATH\CodeIgniter.php(919): App\Controllers\Karyawan->preview('$1')
 7 SYSTEMPATH\CodeIgniter.php(494): CodeIgniter\CodeIgniter->runController(Object(App\Controllers\Karyawan))
 8 SYSTEMPATH\CodeIgniter.php(353): CodeIgniter\CodeIgniter->handleRequest(null, Object(Config\Cache), false)
 9 FCPATH\index.php(79): CodeIgniter\CodeIgniter->run()
10 SYSTEMPATH\Commands\Server\rewrite.php(47): require_once('C:\\xampp\\htdocs\\semester_3\\Project_UAS\\public\\index.php')
INFO - 2023-12-17 15:02:33 --> Session: Class initialized using 'CodeIgniter\Session\Handlers\FileHandler' driver.
CRITICAL - 2023-12-17 15:02:33 --> Attempt to read property "id_karyawan" on array
in APPPATH\Views\view\crud_karyawan\edit_karyawan.php on line 18.
 1 APPPATH\Views\view\crud_karyawan\edit_karyawan.php(18): CodeIgniter\Debug\Exceptions->errorHandler(2, 'Attempt to read property "id_karyawan" on array', 'C:\\xampp\\htdocs\\semester_3\\Project_UAS\\app\\Views\\view\\crud_karyawan\\edit_karyawan.php', 18)
 2 SYSTEMPATH\View\View.php(226): include('C:\\xampp\\htdocs\\semester_3\\Project_UAS\\app\\Views\\view\\crud_karyawan\\edit_karyawan.php')
 3 SYSTEMPATH\View\View.php(229): CodeIgniter\View\View->CodeIgniter\View\{closure}()
 4 SYSTEMPATH\Common.php(1188): CodeIgniter\View\View->render('view/crud_karyawan/edit_karyawan', [], true)
 5 APPPATH\Controllers\Karyawan.php(69): view('view/crud_karyawan/edit_karyawan', [...])
 6 SYSTEMPATH\CodeIgniter.php(919): App\Controllers\Karyawan->preview('$1')
 7 SYSTEMPATH\CodeIgniter.php(494): CodeIgniter\CodeIgniter->runController(Object(App\Controllers\Karyawan))
 8 SYSTEMPATH\CodeIgniter.php(353): CodeIgniter\CodeIgniter->handleRequest(null, Object(Config\Cache), false)
 9 FCPATH\index.php(79): CodeIgniter\CodeIgniter->run()
10 SYSTEMPATH\Commands\Server\rewrite.php(47): require_once('C:\\xampp\\htdocs\\semester_3\\Project_UAS\\public\\index.php')
INFO - 2023-12-17 15:02:33 --> Session: Class initialized using 'CodeIgniter\Session\Handlers\FileHandler' driver.
CRITICAL - 2023-12-17 15:02:33 --> Attempt to read property "id_karyawan" on array
in APPPATH\Views\view\crud_karyawan\edit_karyawan.php on line 18.
 1 APPPATH\Views\view\crud_karyawan\edit_karyawan.php(18): CodeIgniter\Debug\Exceptions->errorHandler(2, 'Attempt to read property "id_karyawan" on array', 'C:\\xampp\\htdocs\\semester_3\\Project_UAS\\app\\Views\\view\\crud_karyawan\\edit_karyawan.php', 18)
 2 SYSTEMPATH\View\View.php(226): include('C:\\xampp\\htdocs\\semester_3\\Project_UAS\\app\\Views\\view\\crud_karyawan\\edit_karyawan.php')
 3 SYSTEMPATH\View\View.php(229): CodeIgniter\View\View->CodeIgniter\View\{closure}()
 4 SYSTEMPATH\Common.php(1188): CodeIgniter\View\View->render('view/crud_karyawan/edit_karyawan', [], true)
 5 APPPATH\Controllers\Karyawan.php(69): view('view/crud_karyawan/edit_karyawan', [...])
 6 SYSTEMPATH\CodeIgniter.php(919): App\Controllers\Karyawan->preview('$1')
 7 SYSTEMPATH\CodeIgniter.php(494): CodeIgniter\CodeIgniter->runController(Object(App\Controllers\Karyawan))
 8 SYSTEMPATH\CodeIgniter.php(353): CodeIgniter\CodeIgniter->handleRequest(null, Object(Config\Cache), false)
 9 FCPATH\index.php(79): CodeIgniter\CodeIgniter->run()
10 SYSTEMPATH\Commands\Server\rewrite.php(47): require_once('C:\\xampp\\htdocs\\semester_3\\Project_UAS\\public\\index.php')
INFO - 2023-12-17 15:02:34 --> Session: Class initialized using 'CodeIgniter\Session\Handlers\FileHandler' driver.
CRITICAL - 2023-12-17 15:02:34 --> Attempt to read property "id_karyawan" on array
in APPPATH\Views\view\crud_karyawan\edit_karyawan.php on line 18.
 1 APPPATH\Views\view\crud_karyawan\edit_karyawan.php(18): CodeIgniter\Debug\Exceptions->errorHandler(2, 'Attempt to read property "id_karyawan" on array', 'C:\\xampp\\htdocs\\semester_3\\Project_UAS\\app\\Views\\view\\crud_karyawan\\edit_karyawan.php', 18)
 2 SYSTEMPATH\View\View.php(226): include('C:\\xampp\\htdocs\\semester_3\\Project_UAS\\app\\Views\\view\\crud_karyawan\\edit_karyawan.php')
 3 SYSTEMPATH\View\View.php(229): CodeIgniter\View\View->CodeIgniter\View\{closure}()
 4 SYSTEMPATH\Common.php(1188): CodeIgniter\View\View->render('view/crud_karyawan/edit_karyawan', [], true)
 5 APPPATH\Controllers\Karyawan.php(69): view('view/crud_karyawan/edit_karyawan', [...])
 6 SYSTEMPATH\CodeIgniter.php(919): App\Controllers\Karyawan->preview('$1')
 7 SYSTEMPATH\CodeIgniter.php(494): CodeIgniter\CodeIgniter->runController(Object(App\Controllers\Karyawan))
 8 SYSTEMPATH\CodeIgniter.php(353): CodeIgniter\CodeIgniter->handleRequest(null, Object(Config\Cache), false)
 9 FCPATH\index.php(79): CodeIgniter\CodeIgniter->run()
10 SYSTEMPATH\Commands\Server\rewrite.php(47): require_once('C:\\xampp\\htdocs\\semester_3\\Project_UAS\\public\\index.php')
CRITICAL - 2023-12-17 17:40:38 --> Too few arguments to function App\Controllers\Karyawan::preview(), 0 passed in C:\xampp\htdocs\semester_3\Project_UAS\system\CodeIgniter.php on line 919 and exactly 1 expected
in APPPATH\Controllers\Karyawan.php on line 61.
 1 SYSTEMPATH\CodeIgniter.php(919): App\Controllers\Karyawan->preview()
 2 SYSTEMPATH\CodeIgniter.php(494): CodeIgniter\CodeIgniter->runController(Object(App\Controllers\Karyawan))
 3 SYSTEMPATH\CodeIgniter.php(353): CodeIgniter\CodeIgniter->handleRequest(null, Object(Config\Cache), false)
 4 FCPATH\index.php(79): CodeIgniter\CodeIgniter->run()
 5 SYSTEMPATH\Commands\Server\rewrite.php(47): require_once('C:\\xampp\\htdocs\\semester_3\\Project_UAS\\public\\index.php')
CRITICAL - 2023-12-17 17:42:13 --> Too few arguments to function App\Controllers\Karyawan::preview(), 0 passed in C:\xampp\htdocs\semester_3\Project_UAS\system\CodeIgniter.php on line 919 and exactly 1 expected
in APPPATH\Controllers\Karyawan.php on line 61.
 1 SYSTEMPATH\CodeIgniter.php(919): App\Controllers\Karyawan->preview()
 2 SYSTEMPATH\CodeIgniter.php(494): CodeIgniter\CodeIgniter->runController(Object(App\Controllers\Karyawan))
 3 SYSTEMPATH\CodeIgniter.php(353): CodeIgniter\CodeIgniter->handleRequest(null, Object(Config\Cache), false)
 4 FCPATH\index.php(79): CodeIgniter\CodeIgniter->run()
 5 SYSTEMPATH\Commands\Server\rewrite.php(47): require_once('C:\\xampp\\htdocs\\semester_3\\Project_UAS\\public\\index.php')
CRITICAL - 2023-12-17 17:42:14 --> Too few arguments to function App\Controllers\Karyawan::preview(), 0 passed in C:\xampp\htdocs\semester_3\Project_UAS\system\CodeIgniter.php on line 919 and exactly 1 expected
in APPPATH\Controllers\Karyawan.php on line 61.
 1 SYSTEMPATH\CodeIgniter.php(919): App\Controllers\Karyawan->preview()
 2 SYSTEMPATH\CodeIgniter.php(494): CodeIgniter\CodeIgniter->runController(Object(App\Controllers\Karyawan))
 3 SYSTEMPATH\CodeIgniter.php(353): CodeIgniter\CodeIgniter->handleRequest(null, Object(Config\Cache), false)
 4 FCPATH\index.php(79): CodeIgniter\CodeIgniter->run()
 5 SYSTEMPATH\Commands\Server\rewrite.php(47): require_once('C:\\xampp\\htdocs\\semester_3\\Project_UAS\\public\\index.php')
INFO - 2023-12-17 17:42:19 --> Session: Class initialized using 'CodeIgniter\Session\Handlers\FileHandler' driver.
CRITICAL - 2023-12-17 17:42:28 --> Too few arguments to function App\Controllers\Karyawan::preview(), 0 passed in C:\xampp\htdocs\semester_3\Project_UAS\system\CodeIgniter.php on line 919 and exactly 1 expected
in APPPATH\Controllers\Karyawan.php on line 61.
 1 SYSTEMPATH\CodeIgniter.php(919): App\Controllers\Karyawan->preview()
 2 SYSTEMPATH\CodeIgniter.php(494): CodeIgniter\CodeIgniter->runController(Object(App\Controllers\Karyawan))
 3 SYSTEMPATH\CodeIgniter.php(353): CodeIgniter\CodeIgniter->handleRequest(null, Object(Config\Cache), false)
 4 FCPATH\index.php(79): CodeIgniter\CodeIgniter->run()
 5 SYSTEMPATH\Commands\Server\rewrite.php(47): require_once('C:\\xampp\\htdocs\\semester_3\\Project_UAS\\public\\index.php')
CRITICAL - 2023-12-17 17:42:45 --> Too few arguments to function App\Controllers\Karyawan::preview(), 0 passed in C:\xampp\htdocs\semester_3\Project_UAS\system\CodeIgniter.php on line 919 and exactly 1 expected
in APPPATH\Controllers\Karyawan.php on line 61.
 1 SYSTEMPATH\CodeIgniter.php(919): App\Controllers\Karyawan->preview()
 2 SYSTEMPATH\CodeIgniter.php(494): CodeIgniter\CodeIgniter->runController(Object(App\Controllers\Karyawan))
 3 SYSTEMPATH\CodeIgniter.php(353): CodeIgniter\CodeIgniter->handleRequest(null, Object(Config\Cache), false)
 4 FCPATH\index.php(79): CodeIgniter\CodeIgniter->run()
 5 SYSTEMPATH\Commands\Server\rewrite.php(47): require_once('C:\\xampp\\htdocs\\semester_3\\Project_UAS\\public\\index.php')
CRITICAL - 2023-12-17 17:42:46 --> Too few arguments to function App\Controllers\Karyawan::preview(), 0 passed in C:\xampp\htdocs\semester_3\Project_UAS\system\CodeIgniter.php on line 919 and exactly 1 expected
in APPPATH\Controllers\Karyawan.php on line 61.
 1 SYSTEMPATH\CodeIgniter.php(919): App\Controllers\Karyawan->preview()
 2 SYSTEMPATH\CodeIgniter.php(494): CodeIgniter\CodeIgniter->runController(Object(App\Controllers\Karyawan))
 3 SYSTEMPATH\CodeIgniter.php(353): CodeIgniter\CodeIgniter->handleRequest(null, Object(Config\Cache), false)
 4 FCPATH\index.php(79): CodeIgniter\CodeIgniter->run()
 5 SYSTEMPATH\Commands\Server\rewrite.php(47): require_once('C:\\xampp\\htdocs\\semester_3\\Project_UAS\\public\\index.php')
CRITICAL - 2023-12-17 17:42:46 --> Too few arguments to function App\Controllers\Karyawan::preview(), 0 passed in C:\xampp\htdocs\semester_3\Project_UAS\system\CodeIgniter.php on line 919 and exactly 1 expected
in APPPATH\Controllers\Karyawan.php on line 61.
 1 SYSTEMPATH\CodeIgniter.php(919): App\Controllers\Karyawan->preview()
 2 SYSTEMPATH\CodeIgniter.php(494): CodeIgniter\CodeIgniter->runController(Object(App\Controllers\Karyawan))
 3 SYSTEMPATH\CodeIgniter.php(353): CodeIgniter\CodeIgniter->handleRequest(null, Object(Config\Cache), false)
 4 FCPATH\index.php(79): CodeIgniter\CodeIgniter->run()
 5 SYSTEMPATH\Commands\Server\rewrite.php(47): require_once('C:\\xampp\\htdocs\\semester_3\\Project_UAS\\public\\index.php')
CRITICAL - 2023-12-17 17:42:50 --> Too few arguments to function App\Controllers\Karyawan::preview(), 0 passed in C:\xampp\htdocs\semester_3\Project_UAS\system\CodeIgniter.php on line 919 and exactly 1 expected
in APPPATH\Controllers\Karyawan.php on line 61.
 1 SYSTEMPATH\CodeIgniter.php(919): App\Controllers\Karyawan->preview()
 2 SYSTEMPATH\CodeIgniter.php(494): CodeIgniter\CodeIgniter->runController(Object(App\Controllers\Karyawan))
 3 SYSTEMPATH\CodeIgniter.php(353): CodeIgniter\CodeIgniter->handleRequest(null, Object(Config\Cache), false)
 4 FCPATH\index.php(79): CodeIgniter\CodeIgniter->run()
 5 SYSTEMPATH\Commands\Server\rewrite.php(47): require_once('C:\\xampp\\htdocs\\semester_3\\Project_UAS\\public\\index.php')
CRITICAL - 2023-12-17 17:45:15 --> Too few arguments to function App\Controllers\Karyawan::preview(), 0 passed in C:\xampp\htdocs\semester_3\Project_UAS\system\CodeIgniter.php on line 919 and exactly 1 expected
in APPPATH\Controllers\Karyawan.php on line 61.
 1 SYSTEMPATH\CodeIgniter.php(919): App\Controllers\Karyawan->preview()
 2 SYSTEMPATH\CodeIgniter.php(494): CodeIgniter\CodeIgniter->runController(Object(App\Controllers\Karyawan))
 3 SYSTEMPATH\CodeIgniter.php(353): CodeIgniter\CodeIgniter->handleRequest(null, Object(Config\Cache), false)
 4 FCPATH\index.php(79): CodeIgniter\CodeIgniter->run()
 5 SYSTEMPATH\Commands\Server\rewrite.php(47): require_once('C:\\xampp\\htdocs\\semester_3\\Project_UAS\\public\\index.php')
CRITICAL - 2023-12-17 17:45:16 --> Too few arguments to function App\Controllers\Karyawan::preview(), 0 passed in C:\xampp\htdocs\semester_3\Project_UAS\system\CodeIgniter.php on line 919 and exactly 1 expected
in APPPATH\Controllers\Karyawan.php on line 61.
 1 SYSTEMPATH\CodeIgniter.php(919): App\Controllers\Karyawan->preview()
 2 SYSTEMPATH\CodeIgniter.php(494): CodeIgniter\CodeIgniter->runController(Object(App\Controllers\Karyawan))
 3 SYSTEMPATH\CodeIgniter.php(353): CodeIgniter\CodeIgniter->handleRequest(null, Object(Config\Cache), false)
 4 FCPATH\index.php(79): CodeIgniter\CodeIgniter->run()
 5 SYSTEMPATH\Commands\Server\rewrite.php(47): require_once('C:\\xampp\\htdocs\\semester_3\\Project_UAS\\public\\index.php')
CRITICAL - 2023-12-17 17:45:17 --> Too few arguments to function App\Controllers\Karyawan::preview(), 0 passed in C:\xampp\htdocs\semester_3\Project_UAS\system\CodeIgniter.php on line 919 and exactly 1 expected
in APPPATH\Controllers\Karyawan.php on line 61.
 1 SYSTEMPATH\CodeIgniter.php(919): App\Controllers\Karyawan->preview()
 2 SYSTEMPATH\CodeIgniter.php(494): CodeIgniter\CodeIgniter->runController(Object(App\Controllers\Karyawan))
 3 SYSTEMPATH\CodeIgniter.php(353): CodeIgniter\CodeIgniter->handleRequest(null, Object(Config\Cache), false)
 4 FCPATH\index.php(79): CodeIgniter\CodeIgniter->run()
 5 SYSTEMPATH\Commands\Server\rewrite.php(47): require_once('C:\\xampp\\htdocs\\semester_3\\Project_UAS\\public\\index.php')
CRITICAL - 2023-12-17 17:45:38 --> Too few arguments to function App\Controllers\Karyawan::preview(), 0 passed in C:\xampp\htdocs\semester_3\Project_UAS\system\CodeIgniter.php on line 919 and exactly 1 expected
in APPPATH\Controllers\Karyawan.php on line 61.
 1 SYSTEMPATH\CodeIgniter.php(919): App\Controllers\Karyawan->preview()
 2 SYSTEMPATH\CodeIgniter.php(494): CodeIgniter\CodeIgniter->runController(Object(App\Controllers\Karyawan))
 3 SYSTEMPATH\CodeIgniter.php(353): CodeIgniter\CodeIgniter->handleRequest(null, Object(Config\Cache), false)
 4 FCPATH\index.php(79): CodeIgniter\CodeIgniter->run()
 5 SYSTEMPATH\Commands\Server\rewrite.php(47): require_once('C:\\xampp\\htdocs\\semester_3\\Project_UAS\\public\\index.php')
CRITICAL - 2023-12-17 17:45:52 --> Too few arguments to function App\Controllers\Karyawan::preview(), 0 passed in C:\xampp\htdocs\semester_3\Project_UAS\system\CodeIgniter.php on line 919 and exactly 1 expected
in APPPATH\Controllers\Karyawan.php on line 61.
 1 SYSTEMPATH\CodeIgniter.php(919): App\Controllers\Karyawan->preview()
 2 SYSTEMPATH\CodeIgniter.php(494): CodeIgniter\CodeIgniter->runController(Object(App\Controllers\Karyawan))
 3 SYSTEMPATH\CodeIgniter.php(353): CodeIgniter\CodeIgniter->handleRequest(null, Object(Config\Cache), false)
 4 FCPATH\index.php(79): CodeIgniter\CodeIgniter->run()
 5 SYSTEMPATH\Commands\Server\rewrite.php(47): require_once('C:\\xampp\\htdocs\\semester_3\\Project_UAS\\public\\index.php')
CRITICAL - 2023-12-17 17:46:39 --> Too few arguments to function App\Controllers\Karyawan::preview(), 0 passed in C:\xampp\htdocs\semester_3\Project_UAS\system\CodeIgniter.php on line 919 and exactly 1 expected
in APPPATH\Controllers\Karyawan.php on line 61.
 1 SYSTEMPATH\CodeIgniter.php(919): App\Controllers\Karyawan->preview()
 2 SYSTEMPATH\CodeIgniter.php(494): CodeIgniter\CodeIgniter->runController(Object(App\Controllers\Karyawan))
 3 SYSTEMPATH\CodeIgniter.php(353): CodeIgniter\CodeIgniter->handleRequest(null, Object(Config\Cache), false)
 4 FCPATH\index.php(79): CodeIgniter\CodeIgniter->run()
 5 SYSTEMPATH\Commands\Server\rewrite.php(47): require_once('C:\\xampp\\htdocs\\semester_3\\Project_UAS\\public\\index.php')
CRITICAL - 2023-12-17 17:46:40 --> Too few arguments to function App\Controllers\Karyawan::preview(), 0 passed in C:\xampp\htdocs\semester_3\Project_UAS\system\CodeIgniter.php on line 919 and exactly 1 expected
in APPPATH\Controllers\Karyawan.php on line 61.
 1 SYSTEMPATH\CodeIgniter.php(919): App\Controllers\Karyawan->preview()
 2 SYSTEMPATH\CodeIgniter.php(494): CodeIgniter\CodeIgniter->runController(Object(App\Controllers\Karyawan))
 3 SYSTEMPATH\CodeIgniter.php(353): CodeIgniter\CodeIgniter->handleRequest(null, Object(Config\Cache), false)
 4 FCPATH\index.php(79): CodeIgniter\CodeIgniter->run()
 5 SYSTEMPATH\Commands\Server\rewrite.php(47): require_once('C:\\xampp\\htdocs\\semester_3\\Project_UAS\\public\\index.php')
CRITICAL - 2023-12-17 17:46:41 --> Too few arguments to function App\Controllers\Karyawan::preview(), 0 passed in C:\xampp\htdocs\semester_3\Project_UAS\system\CodeIgniter.php on line 919 and exactly 1 expected
in APPPATH\Controllers\Karyawan.php on line 61.
 1 SYSTEMPATH\CodeIgniter.php(919): App\Controllers\Karyawan->preview()
 2 SYSTEMPATH\CodeIgniter.php(494): CodeIgniter\CodeIgniter->runController(Object(App\Controllers\Karyawan))
 3 SYSTEMPATH\CodeIgniter.php(353): CodeIgniter\CodeIgniter->handleRequest(null, Object(Config\Cache), false)
 4 FCPATH\index.php(79): CodeIgniter\CodeIgniter->run()
 5 SYSTEMPATH\Commands\Server\rewrite.php(47): require_once('C:\\xampp\\htdocs\\semester_3\\Project_UAS\\public\\index.php')
CRITICAL - 2023-12-17 17:46:47 --> Too few arguments to function App\Controllers\Karyawan::preview(), 0 passed in C:\xampp\htdocs\semester_3\Project_UAS\system\CodeIgniter.php on line 919 and exactly 1 expected
in APPPATH\Controllers\Karyawan.php on line 61.
 1 SYSTEMPATH\CodeIgniter.php(919): App\Controllers\Karyawan->preview()
 2 SYSTEMPATH\CodeIgniter.php(494): CodeIgniter\CodeIgniter->runController(Object(App\Controllers\Karyawan))
 3 SYSTEMPATH\CodeIgniter.php(353): CodeIgniter\CodeIgniter->handleRequest(null, Object(Config\Cache), false)
 4 FCPATH\index.php(79): CodeIgniter\CodeIgniter->run()
 5 SYSTEMPATH\Commands\Server\rewrite.php(47): require_once('C:\\xampp\\htdocs\\semester_3\\Project_UAS\\public\\index.php')
CRITICAL - 2023-12-17 17:49:32 --> Too few arguments to function App\Controllers\Karyawan::preview(), 0 passed in C:\xampp\htdocs\semester_3\Project_UAS\system\CodeIgniter.php on line 919 and exactly 1 expected
in APPPATH\Controllers\Karyawan.php on line 61.
 1 SYSTEMPATH\CodeIgniter.php(919): App\Controllers\Karyawan->preview()
 2 SYSTEMPATH\CodeIgniter.php(494): CodeIgniter\CodeIgniter->runController(Object(App\Controllers\Karyawan))
 3 SYSTEMPATH\CodeIgniter.php(353): CodeIgniter\CodeIgniter->handleRequest(null, Object(Config\Cache), false)
 4 FCPATH\index.php(79): CodeIgniter\CodeIgniter->run()
 5 SYSTEMPATH\Commands\Server\rewrite.php(47): require_once('C:\\xampp\\htdocs\\semester_3\\Project_UAS\\public\\index.php')
CRITICAL - 2023-12-17 17:49:34 --> Too few arguments to function App\Controllers\Karyawan::preview(), 0 passed in C:\xampp\htdocs\semester_3\Project_UAS\system\CodeIgniter.php on line 919 and exactly 1 expected
in APPPATH\Controllers\Karyawan.php on line 61.
 1 SYSTEMPATH\CodeIgniter.php(919): App\Controllers\Karyawan->preview()
 2 SYSTEMPATH\CodeIgniter.php(494): CodeIgniter\CodeIgniter->runController(Object(App\Controllers\Karyawan))
 3 SYSTEMPATH\CodeIgniter.php(353): CodeIgniter\CodeIgniter->handleRequest(null, Object(Config\Cache), false)
 4 FCPATH\index.php(79): CodeIgniter\CodeIgniter->run()
 5 SYSTEMPATH\Commands\Server\rewrite.php(47): require_once('C:\\xampp\\htdocs\\semester_3\\Project_UAS\\public\\index.php')
CRITICAL - 2023-12-17 17:49:34 --> Too few arguments to function App\Controllers\Karyawan::preview(), 0 passed in C:\xampp\htdocs\semester_3\Project_UAS\system\CodeIgniter.php on line 919 and exactly 1 expected
in APPPATH\Controllers\Karyawan.php on line 61.
 1 SYSTEMPATH\CodeIgniter.php(919): App\Controllers\Karyawan->preview()
 2 SYSTEMPATH\CodeIgniter.php(494): CodeIgniter\CodeIgniter->runController(Object(App\Controllers\Karyawan))
 3 SYSTEMPATH\CodeIgniter.php(353): CodeIgniter\CodeIgniter->handleRequest(null, Object(Config\Cache), false)
 4 FCPATH\index.php(79): CodeIgniter\CodeIgniter->run()
 5 SYSTEMPATH\Commands\Server\rewrite.php(47): require_once('C:\\xampp\\htdocs\\semester_3\\Project_UAS\\public\\index.php')
CRITICAL - 2023-12-17 17:52:10 --> Too few arguments to function App\Controllers\Karyawan::preview(), 0 passed in C:\xampp\htdocs\semester_3\Project_UAS\system\CodeIgniter.php on line 919 and exactly 1 expected
in APPPATH\Controllers\Karyawan.php on line 61.
 1 SYSTEMPATH\CodeIgniter.php(919): App\Controllers\Karyawan->preview()
 2 SYSTEMPATH\CodeIgniter.php(494): CodeIgniter\CodeIgniter->runController(Object(App\Controllers\Karyawan))
 3 SYSTEMPATH\CodeIgniter.php(353): CodeIgniter\CodeIgniter->handleRequest(null, Object(Config\Cache), false)
 4 FCPATH\index.php(79): CodeIgniter\CodeIgniter->run()
 5 SYSTEMPATH\Commands\Server\rewrite.php(47): require_once('C:\\xampp\\htdocs\\semester_3\\Project_UAS\\public\\index.php')
CRITICAL - 2023-12-17 17:52:11 --> Too few arguments to function App\Controllers\Karyawan::preview(), 0 passed in C:\xampp\htdocs\semester_3\Project_UAS\system\CodeIgniter.php on line 919 and exactly 1 expected
in APPPATH\Controllers\Karyawan.php on line 61.
 1 SYSTEMPATH\CodeIgniter.php(919): App\Controllers\Karyawan->preview()
 2 SYSTEMPATH\CodeIgniter.php(494): CodeIgniter\CodeIgniter->runController(Object(App\Controllers\Karyawan))
 3 SYSTEMPATH\CodeIgniter.php(353): CodeIgniter\CodeIgniter->handleRequest(null, Object(Config\Cache), false)
 4 FCPATH\index.php(79): CodeIgniter\CodeIgniter->run()
 5 SYSTEMPATH\Commands\Server\rewrite.php(47): require_once('C:\\xampp\\htdocs\\semester_3\\Project_UAS\\public\\index.php')
CRITICAL - 2023-12-17 17:54:59 --> Too few arguments to function App\Controllers\Karyawan::preview(), 0 passed in C:\xampp\htdocs\semester_3\Project_UAS\system\CodeIgniter.php on line 919 and exactly 1 expected
in APPPATH\Controllers\Karyawan.php on line 61.
 1 SYSTEMPATH\CodeIgniter.php(919): App\Controllers\Karyawan->preview()
 2 SYSTEMPATH\CodeIgniter.php(494): CodeIgniter\CodeIgniter->runController(Object(App\Controllers\Karyawan))
 3 SYSTEMPATH\CodeIgniter.php(353): CodeIgniter\CodeIgniter->handleRequest(null, Object(Config\Cache), false)
 4 FCPATH\index.php(79): CodeIgniter\CodeIgniter->run()
 5 SYSTEMPATH\Commands\Server\rewrite.php(47): require_once('C:\\xampp\\htdocs\\semester_3\\Project_UAS\\public\\index.php')
